30/06/2017 23:49:19 (Std) 	+-+-+-+-+-+-+-+-+-+-+-+-+-+-+-+-+-+-+-+-+-+-+-+-+-+-+-+-+-+-+-+-+-+-+-+-+-+-+-+
30/06/2017 23:49:19 (Std) 	+                     Crazy Eddie's GUI System - Event log                    +
30/06/2017 23:49:19 (Std) 	+                          (http://www.cegui.org.uk/)                         +
30/06/2017 23:49:19 (Std) 	+-+-+-+-+-+-+-+-+-+-+-+-+-+-+-+-+-+-+-+-+-+-+-+-+-+-+-+-+-+-+-+-+-+-+-+-+-+-+-+

30/06/2017 23:49:19 (Std) 	CEGUI::Logger singleton created. (087E6FE8)
30/06/2017 23:49:19 (Std) 	
30/06/2017 23:49:19 (Std) 	********************************************************************************
30/06/2017 23:49:19 (Std) 	* Important:                                                                   *
30/06/2017 23:49:19 (Std) 	*     To get support at the CEGUI forums, you must post _at least_ the section *
30/06/2017 23:49:19 (Std) 	*     of this log file indicated below.  Failure to do this will result in no  *
30/06/2017 23:49:19 (Std) 	*     support being given; please do not waste our time.                       *
30/06/2017 23:49:19 (Std) 	********************************************************************************
30/06/2017 23:49:19 (Std) 	********************************************************************************
30/06/2017 23:49:19 (Std) 	* -------- START OF ESSENTIAL SECTION TO BE POSTED ON THE FORUM       -------- *
30/06/2017 23:49:19 (Std) 	********************************************************************************
30/06/2017 23:49:19 (Std) 	---- Version: 0.8.7 (Build: Jun 29 2017 Debug Microsoft Windows MSVC++ 14.0 (2015) 32 bit) ----
30/06/2017 23:49:19 (Std) 	---- Renderer module is: CEGUI::OpenGL3Renderer - Official OpenGL 3.2 core based renderer module.  TextureTarget support enabled via FBO OGL 3.2 core implementation. ----
30/06/2017 23:49:19 (Std) 	---- XML Parser module is: CEGUI::ExpatParser - Official expat based parser module for CEGUI ----
30/06/2017 23:49:19 (Std) 	---- Image Codec module is: SILLYImageCodec - Official SILLY based image codec ----
30/06/2017 23:49:19 (Std) 	---- Scripting module is: None ----
30/06/2017 23:49:19 (Std) 	********************************************************************************
30/06/2017 23:49:19 (Std) 	* -------- END OF ESSENTIAL SECTION TO BE POSTED ON THE FORUM         -------- *
30/06/2017 23:49:19 (Std) 	********************************************************************************
30/06/2017 23:49:19 (Std) 	
30/06/2017 23:49:19 (Std) 	---- Begining CEGUI System initialisation ----
30/06/2017 23:49:19 (Std) 	[CEGUI::ImageManager] Singleton created (08823F98)
30/06/2017 23:49:19 (Std) 	[CEGUI::ImageManager] Registered Image type: BasicImage
30/06/2017 23:49:19 (Std) 	CEGUI::FontManager singleton created. (01522A40)
30/06/2017 23:49:19 (Std) 	CEGUI::WindowFactoryManager singleton created
30/06/2017 23:49:19 (Std) 	CEGUI::WindowManager singleton created (08769630)
30/06/2017 23:49:19 (Std) 	CEGUI::SchemeManager singleton created. (015223E8)
30/06/2017 23:49:19 (Std) 	CEGUI::GlobalEventSet singleton created. (088F2620)
30/06/2017 23:49:19 (Std) 	CEGUI::AnimationManager singleton created (04226E68)
30/06/2017 23:49:19 (Std) 	CEGUI::WidgetLookManager singleton created. (0151CCA8)
30/06/2017 23:49:19 (Std) 	CEGUI::WindowRendererManager singleton created (0151CA68)
30/06/2017 23:49:19 (Std) 	CEGUI::RenderEffectManager singleton created (088F2428)
30/06/2017 23:49:19 (Std) 	Created WindowFactory for 'DefaultWindow' windows.
30/06/2017 23:49:19 (Std) 	WindowFactory for 'DefaultWindow' windows added. (0884FD90)
30/06/2017 23:49:19 (Std) 	Created WindowFactory for 'DragContainer' windows.
30/06/2017 23:49:19 (Std) 	WindowFactory for 'DragContainer' windows added. (088506F0)
30/06/2017 23:49:19 (Std) 	Created WindowFactory for 'ScrolledContainer' windows.
30/06/2017 23:49:19 (Std) 	WindowFactory for 'ScrolledContainer' windows added. (0884F818)
30/06/2017 23:49:19 (Std) 	Created WindowFactory for 'ClippedContainer' windows.
30/06/2017 23:49:19 (Std) 	WindowFactory for 'ClippedContainer' windows added. (0884FA70)
30/06/2017 23:49:19 (Std) 	Created WindowFactory for 'CEGUI/PushButton' windows.
30/06/2017 23:49:19 (Std) 	WindowFactory for 'CEGUI/PushButton' windows added. (0884FB38)
30/06/2017 23:49:19 (Std) 	Created WindowFactory for 'CEGUI/RadioButton' windows.
30/06/2017 23:49:19 (Std) 	WindowFactory for 'CEGUI/RadioButton' windows added. (0884FE58)
30/06/2017 23:49:19 (Std) 	Created WindowFactory for 'CEGUI/Combobox' windows.
30/06/2017 23:49:19 (Std) 	WindowFactory for 'CEGUI/Combobox' windows added. (088CC4E0)
30/06/2017 23:49:19 (Std) 	Created WindowFactory for 'CEGUI/ComboDropList' windows.
30/06/2017 23:49:19 (Std) 	WindowFactory for 'CEGUI/ComboDropList' windows added. (088CC738)
30/06/2017 23:49:19 (Std) 	Created WindowFactory for 'CEGUI/Editbox' windows.
30/06/2017 23:49:19 (Std) 	WindowFactory for 'CEGUI/Editbox' windows added. (088CCD78)
30/06/2017 23:49:19 (Std) 	Created WindowFactory for 'CEGUI/FrameWindow' windows.
30/06/2017 23:49:19 (Std) 	WindowFactory for 'CEGUI/FrameWindow' windows added. (088CCE40)
30/06/2017 23:49:19 (Std) 	Created WindowFactory for 'CEGUI/ItemEntry' windows.
30/06/2017 23:49:19 (Std) 	WindowFactory for 'CEGUI/ItemEntry' windows added. (088CCA58)
30/06/2017 23:49:19 (Std) 	Created WindowFactory for 'CEGUI/Listbox' windows.
30/06/2017 23:49:19 (Std) 	WindowFactory for 'CEGUI/Listbox' windows added. (088CC8C8)
30/06/2017 23:49:19 (Std) 	Created WindowFactory for 'CEGUI/ListHeader' windows.
30/06/2017 23:49:19 (Std) 	WindowFactory for 'CEGUI/ListHeader' windows added. (088CC990)
30/06/2017 23:49:19 (Std) 	Created WindowFactory for 'CEGUI/ListHeaderSegment' windows.
30/06/2017 23:49:19 (Std) 	WindowFactory for 'CEGUI/ListHeaderSegment' windows added. (088CC5A8)
30/06/2017 23:49:19 (Std) 	Created WindowFactory for 'CEGUI/Menubar' windows.
30/06/2017 23:49:19 (Std) 	WindowFactory for 'CEGUI/Menubar' windows added. (088CCF08)
30/06/2017 23:49:19 (Std) 	Created WindowFactory for 'CEGUI/PopupMenu' windows.
30/06/2017 23:49:19 (Std) 	WindowFactory for 'CEGUI/PopupMenu' windows added. (088CC418)
30/06/2017 23:49:19 (Std) 	Created WindowFactory for 'CEGUI/MenuItem' windows.
30/06/2017 23:49:19 (Std) 	WindowFactory for 'CEGUI/MenuItem' windows added. (088CC800)
30/06/2017 23:49:19 (Std) 	Created WindowFactory for 'CEGUI/MultiColumnList' windows.
30/06/2017 23:49:19 (Std) 	WindowFactory for 'CEGUI/MultiColumnList' windows added. (088CCFD0)
30/06/2017 23:49:19 (Std) 	Created WindowFactory for 'CEGUI/MultiLineEditbox' windows.
30/06/2017 23:49:19 (Std) 	WindowFactory for 'CEGUI/MultiLineEditbox' windows added. (088CC670)
30/06/2017 23:49:19 (Std) 	Created WindowFactory for 'CEGUI/ProgressBar' windows.
30/06/2017 23:49:19 (Std) 	WindowFactory for 'CEGUI/ProgressBar' windows added. (088CCB20)
30/06/2017 23:49:19 (Std) 	Created WindowFactory for 'CEGUI/ScrollablePane' windows.
30/06/2017 23:49:19 (Std) 	WindowFactory for 'CEGUI/ScrollablePane' windows added. (088CCBE8)
30/06/2017 23:49:19 (Std) 	Created WindowFactory for 'CEGUI/Scrollbar' windows.
30/06/2017 23:49:19 (Std) 	WindowFactory for 'CEGUI/Scrollbar' windows added. (088CC288)
30/06/2017 23:49:19 (Std) 	Created WindowFactory for 'CEGUI/Slider' windows.
30/06/2017 23:49:19 (Std) 	WindowFactory for 'CEGUI/Slider' windows added. (088CCCB0)
30/06/2017 23:49:19 (Std) 	Created WindowFactory for 'CEGUI/Spinner' windows.
30/06/2017 23:49:19 (Std) 	WindowFactory for 'CEGUI/Spinner' windows added. (088CD098)
30/06/2017 23:49:19 (Std) 	Created WindowFactory for 'CEGUI/TabButton' windows.
30/06/2017 23:49:19 (Std) 	WindowFactory for 'CEGUI/TabButton' windows added. (088CD160)
30/06/2017 23:49:19 (Std) 	Created WindowFactory for 'CEGUI/TabControl' windows.
30/06/2017 23:49:19 (Std) 	WindowFactory for 'CEGUI/TabControl' windows added. (088CC350)
30/06/2017 23:49:19 (Std) 	Created WindowFactory for 'CEGUI/Thumb' windows.
30/06/2017 23:49:19 (Std) 	WindowFactory for 'CEGUI/Thumb' windows added. (088CE5B8)
30/06/2017 23:49:19 (Std) 	Created WindowFactory for 'CEGUI/Titlebar' windows.
30/06/2017 23:49:19 (Std) 	WindowFactory for 'CEGUI/Titlebar' windows added. (088CE9A0)
30/06/2017 23:49:19 (Std) 	Created WindowFactory for 'CEGUI/ToggleButton' windows.
30/06/2017 23:49:19 (Std) 	WindowFactory for 'CEGUI/ToggleButton' windows added. (088CE748)
30/06/2017 23:49:19 (Std) 	Created WindowFactory for 'CEGUI/Tooltip' windows.
30/06/2017 23:49:19 (Std) 	WindowFactory for 'CEGUI/Tooltip' windows added. (088CE810)
30/06/2017 23:49:19 (Std) 	Created WindowFactory for 'CEGUI/ItemListbox' windows.
30/06/2017 23:49:19 (Std) 	WindowFactory for 'CEGUI/ItemListbox' windows added. (088CE360)
30/06/2017 23:49:19 (Std) 	Created WindowFactory for 'CEGUI/GroupBox' windows.
30/06/2017 23:49:19 (Std) 	WindowFactory for 'CEGUI/GroupBox' windows added. (088CE680)
30/06/2017 23:49:19 (Std) 	Created WindowFactory for 'CEGUI/Tree' windows.
30/06/2017 23:49:19 (Std) 	WindowFactory for 'CEGUI/Tree' windows added. (088CEE50)
30/06/2017 23:49:19 (Std) 	Created WindowFactory for 'LayoutCell' windows.
30/06/2017 23:49:19 (Std) 	WindowFactory for 'LayoutCell' windows added. (088CEFE0)
30/06/2017 23:49:19 (Std) 	Created WindowFactory for 'HorizontalLayoutContainer' windows.
30/06/2017 23:49:19 (Std) 	WindowFactory for 'HorizontalLayoutContainer' windows added. (088CED88)
30/06/2017 23:49:19 (Std) 	Created WindowFactory for 'VerticalLayoutContainer' windows.
30/06/2017 23:49:19 (Std) 	WindowFactory for 'VerticalLayoutContainer' windows added. (088CEF18)
30/06/2017 23:49:19 (Std) 	Created WindowFactory for 'GridLayoutContainer' windows.
30/06/2017 23:49:19 (Std) 	WindowFactory for 'GridLayoutContainer' windows added. (088CF0A8)
30/06/2017 23:49:19 (Std) 	CEGUI::System singleton created. (087AB738)
30/06/2017 23:49:19 (Std) 	---- CEGUI System initialisation completed ----
30/06/2017 23:49:19 (Std) 	
30/06/2017 23:49:19 (Std) 	Started creation of Scheme from XML specification:
30/06/2017 23:49:19 (Std) 	---- CEGUI GUIScheme name: TaharezLook
30/06/2017 23:49:19 (Std) 	[ImageManager] Started creation of Imageset from XML specification:
30/06/2017 23:49:19 (Std) 	[ImageManager] ---- CEGUI Imageset name: TaharezLook
30/06/2017 23:49:19 (Std) 	[ImageManager] ---- Source texture file: TaharezLook.png
30/06/2017 23:49:19 (Std) 	[ImageManager] ---- Source texture resource group: (Default)
30/06/2017 23:49:19 (Std) 	[OpenGLRenderer] Created texture: TaharezLook
30/06/2017 23:49:19 (Std) 	[ImageManager] Created image: 'TaharezLook/ClientBrush' (088F3CB0) of type: BasicImage
30/06/2017 23:49:19 (Std) 	[ImageManager] Created image: 'TaharezLook/GenericBrush' (08900EE0) of type: BasicImage
30/06/2017 23:49:19 (Std) 	[ImageManager] Created image: 'TaharezLook/WindowLeftEdge' (08900FF0) of type: BasicImage
30/06/2017 23:49:19 (Std) 	[ImageManager] Created image: 'TaharezLook/WindowRightEdge' (08B50A30) of type: BasicImage
30/06/2017 23:49:19 (Std) 	[ImageManager] Created image: 'TaharezLook/WindowTopEdge' (08B50B40) of type: BasicImage
30/06/2017 23:49:19 (Std) 	[ImageManager] Created image: 'TaharezLook/WindowBottomEdge' (088FDF70) of type: BasicImage
30/06/2017 23:49:19 (Std) 	[ImageManager] Created image: 'TaharezLook/WindowTopLeft' (088FE080) of type: BasicImage
30/06/2017 23:49:19 (Std) 	[ImageManager] Created image: 'TaharezLook/WindowTopRight' (088FE190) of type: BasicImage
30/06/2017 23:49:19 (Std) 	[ImageManager] Created image: 'TaharezLook/WindowBottomLeft' (088FE2A0) of type: BasicImage
30/06/2017 23:49:19 (Std) 	[ImageManager] Created image: 'TaharezLook/WindowBottomRight' (088FE3B0) of type: BasicImage
30/06/2017 23:49:19 (Std) 	[ImageManager] Created image: 'TaharezLook/ButtonLeftNormal' (088FE4C0) of type: BasicImage
30/06/2017 23:49:19 (Std) 	[ImageManager] Created image: 'TaharezLook/ButtonMiddleNormal' (08B51F08) of type: BasicImage
30/06/2017 23:49:19 (Std) 	[ImageManager] Created image: 'TaharezLook/ButtonRightNormal' (08B51DF0) of type: BasicImage
30/06/2017 23:49:19 (Std) 	[ImageManager] Created image: 'TaharezLook/ButtonLeftPushed' (08B52020) of type: BasicImage
30/06/2017 23:49:19 (Std) 	[ImageManager] Created image: 'TaharezLook/ButtonMiddlePushed' (08B52368) of type: BasicImage
30/06/2017 23:49:19 (Std) 	[ImageManager] Created image: 'TaharezLook/ButtonRightPushed' (08B52138) of type: BasicImage
30/06/2017 23:49:19 (Std) 	[ImageManager] Created image: 'TaharezLook/ButtonLeftHighlight' (08B52250) of type: BasicImage
30/06/2017 23:49:19 (Std) 	[ImageManager] Created image: 'TaharezLook/ButtonMiddleHighlight' (08B51CD8) of type: BasicImage
30/06/2017 23:49:19 (Std) 	[ImageManager] Created image: 'TaharezLook/ButtonRightHighlight' (08954860) of type: BasicImage
30/06/2017 23:49:19 (Std) 	[ImageManager] Created image: 'TaharezLook/CheckboxNormal' (089540B8) of type: BasicImage
30/06/2017 23:49:19 (Std) 	[ImageManager] Created image: 'TaharezLook/CheckboxHover' (08953A28) of type: BasicImage
30/06/2017 23:49:19 (Std) 	[ImageManager] Created image: 'TaharezLook/CheckboxMark' (089535C8) of type: BasicImage
30/06/2017 23:49:19 (Std) 	[ImageManager] Created image: 'TaharezLook/RadioButtonNormal' (08953B40) of type: BasicImage
30/06/2017 23:49:19 (Std) 	[ImageManager] Created image: 'TaharezLook/RadioButtonHover' (08954400) of type: BasicImage
30/06/2017 23:49:19 (Std) 	[ImageManager] Created image: 'TaharezLook/RadioButtonMark' (08954CC0) of type: BasicImage
30/06/2017 23:49:19 (Std) 	[ImageManager] Created image: 'TaharezLook/TitlebarLeft' (089542E8) of type: BasicImage
30/06/2017 23:49:19 (Std) 	[ImageManager] Created image: 'TaharezLook/TitlebarMiddle' (08954A90) of type: BasicImage
30/06/2017 23:49:19 (Std) 	[ImageManager] Created image: 'TaharezLook/TitlebarRight' (08953D70) of type: BasicImage
30/06/2017 23:49:19 (Std) 	[ImageManager] Created image: 'TaharezLook/NewTitlebarLeft' (08954518) of type: BasicImage
30/06/2017 23:49:19 (Std) 	[ImageManager] Created image: 'TaharezLook/NewTitlebarMiddle' (089537F8) of type: BasicImage
30/06/2017 23:49:19 (Std) 	[ImageManager] Created image: 'TaharezLook/NewTitlebarRight' (08953910) of type: BasicImage
30/06/2017 23:49:19 (Std) 	[ImageManager] Created image: 'TaharezLook/SysAreaMiddle' (08954748) of type: BasicImage
30/06/2017 23:49:19 (Std) 	[ImageManager] Created image: 'TaharezLook/SysAreaRight' (08954DD8) of type: BasicImage
30/06/2017 23:49:19 (Std) 	[ImageManager] Created image: 'TaharezLook/StaticLeft' (08954EF0) of type: BasicImage
30/06/2017 23:49:19 (Std) 	[ImageManager] Created image: 'TaharezLook/StaticRight' (089536E0) of type: BasicImage
30/06/2017 23:49:19 (Std) 	[ImageManager] Created image: 'TaharezLook/StaticTop' (08954630) of type: BasicImage
30/06/2017 23:49:19 (Std) 	[ImageManager] Created image: 'TaharezLook/StaticBottom' (08955120) of type: BasicImage
30/06/2017 23:49:19 (Std) 	[ImageManager] Created image: 'TaharezLook/StaticTopLeft' (08954978) of type: BasicImage
30/06/2017 23:49:19 (Std) 	[ImageManager] Created image: 'TaharezLook/StaticTopRight' (08954BA8) of type: BasicImage
30/06/2017 23:49:19 (Std) 	[ImageManager] Created image: 'TaharezLook/StaticBottomLeft' (08953FA0) of type: BasicImage
30/06/2017 23:49:19 (Std) 	[ImageManager] Created image: 'TaharezLook/StaticBottomRight' (089541D0) of type: BasicImage
30/06/2017 23:49:19 (Std) 	[ImageManager] Created image: 'TaharezLook/StaticBackdrop' (08953C58) of type: BasicImage
30/06/2017 23:49:19 (Std) 	[ImageManager] Created image: 'TaharezLook/ProgressBarLeft' (08955008) of type: BasicImage
30/06/2017 23:49:19 (Std) 	[ImageManager] Created image: 'TaharezLook/ProgressBarMiddle' (08955238) of type: BasicImage
30/06/2017 23:49:19 (Std) 	[ImageManager] Created image: 'TaharezLook/ProgressBarRight' (08955350) of type: BasicImage
30/06/2017 23:49:19 (Std) 	[ImageManager] Created image: 'TaharezLook/ProgressBarDimSegment' (08955468) of type: BasicImage
30/06/2017 23:49:19 (Std) 	[ImageManager] Created image: 'TaharezLook/ProgressBarLitSegment' (08953E88) of type: BasicImage
30/06/2017 23:49:19 (Std) 	[ImageManager] Created image: 'TaharezLook/EditBoxLeft' (08957A38) of type: BasicImage
30/06/2017 23:49:19 (Std) 	[ImageManager] Created image: 'TaharezLook/EditBoxMiddle' (08959360) of type: BasicImage
30/06/2017 23:49:19 (Std) 	[ImageManager] Created image: 'TaharezLook/EditBoxRight' (08959248) of type: BasicImage
30/06/2017 23:49:19 (Std) 	[ImageManager] Created image: 'TaharezLook/EditBoxCaret' (08959130) of type: BasicImage
30/06/2017 23:49:19 (Std) 	[ImageManager] Created image: 'TaharezLook/SpinnerUpNormal' (08958CD0) of type: BasicImage
30/06/2017 23:49:19 (Std) 	[ImageManager] Created image: 'TaharezLook/SpinnerDownNormal' (08957920) of type: BasicImage
30/06/2017 23:49:19 (Std) 	[ImageManager] Created image: 'TaharezLook/SpinnerUpHover' (08959018) of type: BasicImage
30/06/2017 23:49:19 (Std) 	[ImageManager] Created image: 'TaharezLook/SpinnerDownHover' (089582F8) of type: BasicImage
30/06/2017 23:49:19 (Std) 	[ImageManager] Created image: 'TaharezLook/TextSelectionBrush' (08958640) of type: BasicImage
30/06/2017 23:49:19 (Std) 	[ImageManager] Created image: 'TaharezLook/VertScrollTop' (08958AA0) of type: BasicImage
30/06/2017 23:49:19 (Std) 	[ImageManager] Created image: 'TaharezLook/VertScrollMiddle' (08959478) of type: BasicImage
30/06/2017 23:49:19 (Std) 	[ImageManager] Created image: 'TaharezLook/VertScrollBottom' (089580C8) of type: BasicImage
30/06/2017 23:49:19 (Std) 	[ImageManager] Created image: 'TaharezLook/VertScrollBarSegment' (089576F0) of type: BasicImage
30/06/2017 23:49:19 (Std) 	[ImageManager] Created image: 'TaharezLook/VertScrollThumbNormal' (08958410) of type: BasicImage
30/06/2017 23:49:19 (Std) 	[ImageManager] Created image: 'TaharezLook/VertScrollThumbHover' (089575D8) of type: BasicImage
30/06/2017 23:49:19 (Std) 	[ImageManager] Created image: 'TaharezLook/VertScrollUpNormal' (08957B50) of type: BasicImage
30/06/2017 23:49:19 (Std) 	[ImageManager] Created image: 'TaharezLook/VertScrollDownNormal' (08957C68) of type: BasicImage
30/06/2017 23:49:19 (Std) 	[ImageManager] Created image: 'TaharezLook/VertScrollUpHover' (08958DE8) of type: BasicImage
30/06/2017 23:49:19 (Std) 	[ImageManager] Created image: 'TaharezLook/VertScrollDownHover' (08958758) of type: BasicImage
30/06/2017 23:49:19 (Std) 	[ImageManager] Created image: 'TaharezLook/MiniVertScrollBarSegment' (089581E0) of type: BasicImage
30/06/2017 23:49:19 (Std) 	[ImageManager] Created image: 'TaharezLook/MiniVertScrollThumbNormal' (08958870) of type: BasicImage
30/06/2017 23:49:19 (Std) 	[ImageManager] Created image: 'TaharezLook/MiniVertScrollThumbTopNormal' (08958988) of type: BasicImage
30/06/2017 23:49:19 (Std) 	[ImageManager] Created image: 'TaharezLook/MiniVertScrollThumbMiddleNormal' (08957D80) of type: BasicImage
30/06/2017 23:49:19 (Std) 	[ImageManager] Created image: 'TaharezLook/MiniVertScrollThumbBottomNormal' (08957808) of type: BasicImage
30/06/2017 23:49:19 (Std) 	[ImageManager] Created image: 'TaharezLook/MiniVertScrollThumbTopHover' (08957E98) of type: BasicImage
30/06/2017 23:49:19 (Std) 	[ImageManager] Created image: 'TaharezLook/MiniVertScrollThumbMiddleHover' (08958F00) of type: BasicImage
30/06/2017 23:49:19 (Std) 	[ImageManager] Created image: 'TaharezLook/MiniVertScrollThumbBottomHover' (08957FB0) of type: BasicImage
30/06/2017 23:49:19 (Std) 	[ImageManager] Created image: 'TaharezLook/MiniVertScrollThumbHover' (08958BB8) of type: BasicImage
30/06/2017 23:49:19 (Std) 	[ImageManager] Created image: 'TaharezLook/MiniVertScrollUpNormal' (08958528) of type: BasicImage
30/06/2017 23:49:19 (Std) 	[ImageManager] Created image: 'TaharezLook/MiniVertScrollDownNormal' (0893F838) of type: BasicImage
30/06/2017 23:49:19 (Std) 	[ImageManager] Created image: 'TaharezLook/MiniVertScrollUpHover' (0893F720) of type: BasicImage
30/06/2017 23:49:19 (Std) 	[ImageManager] Created image: 'TaharezLook/MiniVertScrollDownHover' (0893FC98) of type: BasicImage
30/06/2017 23:49:19 (Std) 	[ImageManager] Created image: 'TaharezLook/VertSliderBody' (089409B8) of type: BasicImage
30/06/2017 23:49:19 (Std) 	[ImageManager] Created image: 'TaharezLook/VertSliderThumbNormal' (0893FDB0) of type: BasicImage
30/06/2017 23:49:19 (Std) 	[ImageManager] Created image: 'TaharezLook/VertSliderThumbHover' (08940210) of type: BasicImage
30/06/2017 23:49:19 (Std) 	[ImageManager] Created image: 'TaharezLook/MiniHorzScrollBarSegment' (08940328) of type: BasicImage
30/06/2017 23:49:19 (Std) 	[ImageManager] Created image: 'TaharezLook/MiniHorzScrollThumbNormal' (0893FEC8) of type: BasicImage
30/06/2017 23:49:19 (Std) 	[ImageManager] Created image: 'TaharezLook/MiniHorzScrollThumbLeftNormal' (0893F3D8) of type: BasicImage
30/06/2017 23:49:19 (Std) 	[ImageManager] Created image: 'TaharezLook/MiniHorzScrollThumbMiddleNormal' (0893FA68) of type: BasicImage
30/06/2017 23:49:19 (Std) 	[ImageManager] Created image: 'TaharezLook/MiniHorzScrollThumbRightNormal' (08940670) of type: BasicImage
30/06/2017 23:49:19 (Std) 	[ImageManager] Created image: 'TaharezLook/MiniHorzScrollThumbHover' (0893F950) of type: BasicImage
30/06/2017 23:49:19 (Std) 	[ImageManager] Created image: 'TaharezLook/MiniHorzScrollThumbLeftHover' (08940440) of type: BasicImage
30/06/2017 23:49:19 (Std) 	[ImageManager] Created image: 'TaharezLook/MiniHorzScrollThumbMiddleHover' (0893FB80) of type: BasicImage
30/06/2017 23:49:19 (Std) 	[ImageManager] Created image: 'TaharezLook/MiniHorzScrollThumbRightHover' (08940788) of type: BasicImage
30/06/2017 23:49:19 (Std) 	[ImageManager] Created image: 'TaharezLook/MiniHorzScrollLeftNormal' (08941160) of type: BasicImage
30/06/2017 23:49:19 (Std) 	[ImageManager] Created image: 'TaharezLook/MiniHorzScrollRightNormal' (0893F608) of type: BasicImage
30/06/2017 23:49:19 (Std) 	[ImageManager] Created image: 'TaharezLook/MiniHorzScrollLeftHover' (0893F2C0) of type: BasicImage
30/06/2017 23:49:19 (Std) 	[ImageManager] Created image: 'TaharezLook/MiniHorzScrollRightHover' (0893FFE0) of type: BasicImage
30/06/2017 23:49:19 (Std) 	[ImageManager] Created image: 'TaharezLook/ListboxLeft' (089400F8) of type: BasicImage
30/06/2017 23:49:19 (Std) 	[ImageManager] Created image: 'TaharezLook/ListboxRight' (08940558) of type: BasicImage
30/06/2017 23:49:19 (Std) 	[ImageManager] Created image: 'TaharezLook/ListboxTop' (089408A0) of type: BasicImage
30/06/2017 23:49:19 (Std) 	[ImageManager] Created image: 'TaharezLook/ListboxBottom' (08940AD0) of type: BasicImage
30/06/2017 23:49:19 (Std) 	[ImageManager] Created image: 'TaharezLook/ListboxTopLeft' (08940BE8) of type: BasicImage
30/06/2017 23:49:19 (Std) 	[ImageManager] Created image: 'TaharezLook/ListboxTopRight' (08940D00) of type: BasicImage
30/06/2017 23:49:19 (Std) 	[ImageManager] Created image: 'TaharezLook/ListboxBottomLeft' (0893F4F0) of type: BasicImage
30/06/2017 23:49:19 (Std) 	[ImageManager] Created image: 'TaharezLook/ListboxBottomRight' (08940E18) of type: BasicImage
30/06/2017 23:49:19 (Std) 	[ImageManager] Created image: 'TaharezLook/ListboxBackdrop' (08940F30) of type: BasicImage
30/06/2017 23:49:19 (Std) 	[ImageManager] Created image: 'TaharezLook/ListboxSelectionBrush' (08941048) of type: BasicImage
30/06/2017 23:49:19 (Std) 	[ImageManager] Created image: 'TaharezLook/ComboboxEditLeft' (08945DC8) of type: BasicImage
30/06/2017 23:49:19 (Std) 	[ImageManager] Created image: 'TaharezLook/ComboboxEditMiddle' (089469D0) of type: BasicImage
30/06/2017 23:49:19 (Std) 	[ImageManager] Created image: 'TaharezLook/ComboboxListButtonNormal' (08946688) of type: BasicImage
30/06/2017 23:49:19 (Std) 	[ImageManager] Created image: 'TaharezLook/ComboboxListButtonHover' (08945FF8) of type: BasicImage
30/06/2017 23:49:19 (Std) 	[ImageManager] Created image: 'TaharezLook/ComboboxListLeft' (08945A80) of type: BasicImage
30/06/2017 23:49:19 (Std) 	[ImageManager] Created image: 'TaharezLook/ComboboxListRight' (08945850) of type: BasicImage
30/06/2017 23:49:19 (Std) 	[ImageManager] Created image: 'TaharezLook/ComboboxListTop' (08947178) of type: BasicImage
30/06/2017 23:49:19 (Std) 	[ImageManager] Created image: 'TaharezLook/ComboboxListBottom' (08946228) of type: BasicImage
30/06/2017 23:49:19 (Std) 	[ImageManager] Created image: 'TaharezLook/ComboboxListTopLeft' (08946458) of type: BasicImage
30/06/2017 23:49:19 (Std) 	[ImageManager] Created image: 'TaharezLook/ComboboxListTopRight' (08945620) of type: BasicImage
30/06/2017 23:49:19 (Std) 	[ImageManager] Created image: 'TaharezLook/ComboboxListBottomLeft' (08946D18) of type: BasicImage
30/06/2017 23:49:19 (Std) 	[ImageManager] Created image: 'TaharezLook/ComboboxListBottomRight' (08946570) of type: BasicImage
30/06/2017 23:49:19 (Std) 	[ImageManager] Created image: 'TaharezLook/ComboboxListBackdrop' (089453F0) of type: BasicImage
30/06/2017 23:49:19 (Std) 	[ImageManager] Created image: 'TaharezLook/ComboboxSelectionBrush' (08946F48) of type: BasicImage
30/06/2017 23:49:19 (Std) 	[ImageManager] Created image: 'TaharezLook/ComboboxDividerLeft' (08947060) of type: BasicImage
30/06/2017 23:49:19 (Std) 	[ImageManager] Created image: 'TaharezLook/ComboboxDividerMiddle' (08946AE8) of type: BasicImage
30/06/2017 23:49:19 (Std) 	[ImageManager] Created image: 'TaharezLook/ComboboxDividerRight' (08946C00) of type: BasicImage
30/06/2017 23:49:19 (Std) 	[ImageManager] Created image: 'TaharezLook/HeaderBarBackdropNormal' (08945EE0) of type: BasicImage
30/06/2017 23:49:19 (Std) 	[ImageManager] Created image: 'TaharezLook/HeaderBarBackdropHover' (08945B98) of type: BasicImage
30/06/2017 23:49:19 (Std) 	[ImageManager] Created image: 'TaharezLook/HeaderBarSplitterNormal' (089467A0) of type: BasicImage
30/06/2017 23:49:19 (Std) 	[ImageManager] Created image: 'TaharezLook/HeaderBarSplitterHover' (08945968) of type: BasicImage
30/06/2017 23:49:19 (Std) 	[ImageManager] Created image: 'TaharezLook/HeaderBarSortUp' (08946110) of type: BasicImage
30/06/2017 23:49:19 (Std) 	[ImageManager] Created image: 'TaharezLook/HeaderBarSortDown' (08945CB0) of type: BasicImage
30/06/2017 23:49:19 (Std) 	[ImageManager] Created image: 'TaharezLook/MultiListLeft' (08945508) of type: BasicImage
30/06/2017 23:49:19 (Std) 	[ImageManager] Created image: 'TaharezLook/MultiListRight' (08946340) of type: BasicImage
30/06/2017 23:49:19 (Std) 	[ImageManager] Created image: 'TaharezLook/MultiListTop' (089468B8) of type: BasicImage
30/06/2017 23:49:19 (Std) 	[ImageManager] Created image: 'TaharezLook/MultiListBottom' (08946E30) of type: BasicImage
30/06/2017 23:49:19 (Std) 	[ImageManager] Created image: 'TaharezLook/MultiListTopLeft' (089452D8) of type: BasicImage
30/06/2017 23:49:19 (Std) 	[ImageManager] Created image: 'TaharezLook/MultiListTopRight' (08945738) of type: BasicImage
30/06/2017 23:49:19 (Std) 	[ImageManager] Created image: 'TaharezLook/MultiListBottomLeft' (0894A9E0) of type: BasicImage
30/06/2017 23:49:19 (Std) 	[ImageManager] Created image: 'TaharezLook/MultiListBottomRight' (0894A7B0) of type: BasicImage
30/06/2017 23:49:19 (Std) 	[ImageManager] Created image: 'TaharezLook/MultiListBackdrop' (08949400) of type: BasicImage
30/06/2017 23:49:19 (Std) 	[ImageManager] Created image: 'TaharezLook/MultiListSelectionBrush' (0894A8C8) of type: BasicImage
30/06/2017 23:49:19 (Std) 	[ImageManager] Created image: 'TaharezLook/AltProgressLeft' (08949EF0) of type: BasicImage
30/06/2017 23:49:19 (Std) 	[ImageManager] Created image: 'TaharezLook/AltProgressMiddle' (08949518) of type: BasicImage
30/06/2017 23:49:19 (Std) 	[ImageManager] Created image: 'TaharezLook/AltProgressRight' (0894A350) of type: BasicImage
30/06/2017 23:49:19 (Std) 	[ImageManager] Created image: 'TaharezLook/AltProgressQuarter' (089492E8) of type: BasicImage
30/06/2017 23:49:19 (Std) 	[ImageManager] Created image: 'TaharezLook/AltProgressHalf' (08949DD8) of type: BasicImage
30/06/2017 23:49:19 (Std) 	[ImageManager] Created image: 'TaharezLook/AltProgressLight1' (0894A468) of type: BasicImage
30/06/2017 23:49:19 (Std) 	[ImageManager] Created image: 'TaharezLook/AltProgressLight2' (08949BA8) of type: BasicImage
30/06/2017 23:49:19 (Std) 	[ImageManager] Created image: 'TaharezLook/AltProgressLight3' (0894A008) of type: BasicImage
30/06/2017 23:49:19 (Std) 	[ImageManager] Created image: 'TaharezLook/AltProgressLight4' (0894B070) of type: BasicImage
30/06/2017 23:49:19 (Std) 	[ImageManager] Created image: 'TaharezLook/AltProgressLight5' (08949CC0) of type: BasicImage
30/06/2017 23:49:19 (Std) 	[ImageManager] Created image: 'TaharezLook/AltProgressLight6' (08949748) of type: BasicImage
30/06/2017 23:49:19 (Std) 	[ImageManager] Created image: 'TaharezLook/AltProgressLight7' (08949860) of type: BasicImage
30/06/2017 23:49:19 (Std) 	[ImageManager] Created image: 'TaharezLook/AltProgressLight8' (08949630) of type: BasicImage
30/06/2017 23:49:19 (Std) 	[ImageManager] Created image: 'TaharezLook/AltProgressLight9' (0894AAF8) of type: BasicImage
30/06/2017 23:49:19 (Std) 	[ImageManager] Created image: 'TaharezLook/AltProgressLight10' (0894AE40) of type: BasicImage
30/06/2017 23:49:19 (Std) 	[ImageManager] Created image: 'TaharezLook/CloseButtonNormal' (0894AC10) of type: BasicImage
30/06/2017 23:49:19 (Std) 	[ImageManager] Created image: 'TaharezLook/CloseButtonHover' (0894A120) of type: BasicImage
30/06/2017 23:49:19 (Std) 	[ImageManager] Created image: 'TaharezLook/CloseButtonPressed' (08949978) of type: BasicImage
30/06/2017 23:49:19 (Std) 	[ImageManager] Created image: 'TaharezLook/NewCloseButtonNormal' (0894B188) of type: BasicImage
30/06/2017 23:49:19 (Std) 	[ImageManager] Created image: 'TaharezLook/NewCloseButtonHover' (08949A90) of type: BasicImage
30/06/2017 23:49:19 (Std) 	[ImageManager] Created image: 'TaharezLook/NewCloseButtonPressed' (0894AF58) of type: BasicImage
30/06/2017 23:49:19 (Std) 	[ImageManager] Created image: 'TaharezLook/MultiLineEditboxLeft' (0894A238) of type: BasicImage
30/06/2017 23:49:19 (Std) 	[ImageManager] Created image: 'TaharezLook/MultiLineEditboxRight' (0894A580) of type: BasicImage
30/06/2017 23:49:19 (Std) 	[ImageManager] Created image: 'TaharezLook/MultiLineEditboxTop' (0894A698) of type: BasicImage
30/06/2017 23:49:19 (Std) 	[ImageManager] Created image: 'TaharezLook/MultiLineEditboxBottom' (0894AD28) of type: BasicImage
30/06/2017 23:49:19 (Std) 	[ImageManager] Created image: 'TaharezLook/MultiLineEditboxTopLeft' (08B559B0) of type: BasicImage
30/06/2017 23:49:19 (Std) 	[ImageManager] Created image: 'TaharezLook/MultiLineEditboxTopRight' (08B55AC8) of type: BasicImage
30/06/2017 23:49:19 (Std) 	[ImageManager] Created image: 'TaharezLook/MultiLineEditboxBottomLeft' (08B56040) of type: BasicImage
30/06/2017 23:49:19 (Std) 	[ImageManager] Created image: 'TaharezLook/MultiLineEditboxBottomRight' (08B550F0) of type: BasicImage
30/06/2017 23:49:19 (Std) 	[ImageManager] Created image: 'TaharezLook/MultiLineEditboxBackdrop' (08B56158) of type: BasicImage
30/06/2017 23:49:19 (Std) 	[ImageManager] Created image: 'TaharezLook/MultiLineEditboxSelectionBrush' (08B55F28) of type: BasicImage
30/06/2017 23:49:19 (Std) 	[ImageManager] Created image: 'TaharezLook/MouseTarget' (08B54600) of type: BasicImage
30/06/2017 23:49:19 (Std) 	[ImageManager] Created image: 'TaharezLook/MouseArrow' (08B54B78) of type: BasicImage
30/06/2017 23:49:19 (Std) 	[ImageManager] Created image: 'TaharezLook/MouseMoveCursor' (08B54C90) of type: BasicImage
30/06/2017 23:49:19 (Std) 	[ImageManager] Created image: 'TaharezLook/MouseNoSoCursor' (08B55898) of type: BasicImage
30/06/2017 23:49:19 (Std) 	[ImageManager] Created image: 'TaharezLook/MouseEsWeCursor' (08B54DA8) of type: BasicImage
30/06/2017 23:49:19 (Std) 	[ImageManager] Created image: 'TaharezLook/MouseNeSwCursor' (08B55CF8) of type: BasicImage
30/06/2017 23:49:19 (Std) 	[ImageManager] Created image: 'TaharezLook/MouseNwSeCursor' (08B55E10) of type: BasicImage
30/06/2017 23:49:19 (Std) 	[ImageManager] Created image: 'TaharezLook/MouseTextBar' (08B55208) of type: BasicImage
30/06/2017 23:49:19 (Std) 	[ImageManager] Created image: 'TaharezLook/TabHorizontalFiller' (08B55550) of type: BasicImage
30/06/2017 23:49:19 (Std) 	[ImageManager] Created image: 'TaharezLook/TabContentPaneUpperLeft' (08B56270) of type: BasicImage
30/06/2017 23:49:19 (Std) 	[ImageManager] Created image: 'TaharezLook/TabContentPaneUpper' (08B55668) of type: BasicImage
30/06/2017 23:49:19 (Std) 	[ImageManager] Created image: 'TaharezLook/TabContentPaneUpperRight' (08B54948) of type: BasicImage
30/06/2017 23:49:19 (Std) 	[ImageManager] Created image: 'TaharezLook/TabContentPaneLeft' (08B54EC0) of type: BasicImage
30/06/2017 23:49:19 (Std) 	[ImageManager] Created image: 'TaharezLook/TabContentPaneRight' (08B54FD8) of type: BasicImage
30/06/2017 23:49:19 (Std) 	[ImageManager] Created image: 'TaharezLook/TabContentPaneLower' (08B544E8) of type: BasicImage
30/06/2017 23:49:19 (Std) 	[ImageManager] Created image: 'TaharezLook/TabContentPaneLowerLeft' (08B55320) of type: BasicImage
30/06/2017 23:49:19 (Std) 	[ImageManager] Created image: 'TaharezLook/TabContentPaneLowerRight' (08B55438) of type: BasicImage
30/06/2017 23:49:19 (Std) 	[ImageManager] Created image: 'TaharezLook/TabContentPaneMiddle' (08B56388) of type: BasicImage
30/06/2017 23:49:19 (Std) 	[ImageManager] Created image: 'TaharezLook/TabButtonScrollLeftNormal' (08B55780) of type: BasicImage
30/06/2017 23:49:19 (Std) 	[ImageManager] Created image: 'TaharezLook/TabButtonScrollRightNormal' (08B55BE0) of type: BasicImage
30/06/2017 23:49:19 (Std) 	[ImageManager] Created image: 'TaharezLook/TabButtonScrollLeftHover' (08B54718) of type: BasicImage
30/06/2017 23:49:19 (Std) 	[ImageManager] Created image: 'TaharezLook/TabButtonScrollRightHover' (08B54830) of type: BasicImage
30/06/2017 23:49:19 (Std) 	[ImageManager] Created image: 'TaharezLook/TabButtonLeftNormal' (08B54A60) of type: BasicImage
30/06/2017 23:49:19 (Std) 	[ImageManager] Created image: 'TaharezLook/TabButtonRightNormal' (08B5B338) of type: BasicImage
30/06/2017 23:49:19 (Std) 	[ImageManager] Created image: 'TaharezLook/TabButtonUpperNormal' (08B5B8B0) of type: BasicImage
30/06/2017 23:49:19 (Std) 	[ImageManager] Created image: 'TaharezLook/TabButtonLowerNormal' (08B5B450) of type: BasicImage
30/06/2017 23:49:19 (Std) 	[ImageManager] Created image: 'TaharezLook/TabButtonUpperLeftNormal' (08B5B568) of type: BasicImage
30/06/2017 23:49:19 (Std) 	[ImageManager] Created image: 'TaharezLook/TabButtonUpperLeft2Normal' (08B5A960) of type: BasicImage
30/06/2017 23:49:19 (Std) 	[ImageManager] Created image: 'TaharezLook/TabButtonUpperRightNormal' (08B5B798) of type: BasicImage
30/06/2017 23:49:19 (Std) 	[ImageManager] Created image: 'TaharezLook/TabButtonLowerLeftNormal' (08B5C058) of type: BasicImage
30/06/2017 23:49:19 (Std) 	[ImageManager] Created image: 'TaharezLook/TabButtonLowerRightNormal' (08B5B9C8) of type: BasicImage
30/06/2017 23:49:19 (Std) 	[ImageManager] Created image: 'TaharezLook/TabButtonLowerRight2Normal' (08B5AB90) of type: BasicImage
30/06/2017 23:49:19 (Std) 	[ImageManager] Created image: 'TaharezLook/TabButtonMiddleNormal' (08B5ADC0) of type: BasicImage
30/06/2017 23:49:19 (Std) 	[ImageManager] Created image: 'TaharezLook/TabButtonLeftSelected' (08B5BAE0) of type: BasicImage
30/06/2017 23:49:19 (Std) 	[ImageManager] Created image: 'TaharezLook/TabButtonRightSelected' (08B5A730) of type: BasicImage
30/06/2017 23:49:19 (Std) 	[ImageManager] Created image: 'TaharezLook/TabButtonUpperSelected' (08B5BBF8) of type: BasicImage
30/06/2017 23:49:19 (Std) 	[ImageManager] Created image: 'TaharezLook/TabButtonLowerSelected' (08B5AED8) of type: BasicImage
30/06/2017 23:49:19 (Std) 	[ImageManager] Created image: 'TaharezLook/TabButtonUpperLeftSelected' (08B5BD10) of type: BasicImage
30/06/2017 23:49:19 (Std) 	[ImageManager] Created image: 'TaharezLook/TabButtonUpperRightSelected' (08B5B108) of type: BasicImage
30/06/2017 23:49:19 (Std) 	[ImageManager] Created image: 'TaharezLook/TabButtonLowerLeftSelected' (08B5A500) of type: BasicImage
30/06/2017 23:49:19 (Std) 	[ImageManager] Created image: 'TaharezLook/TabButtonLowerRightSelected' (08B5A848) of type: BasicImage
30/06/2017 23:49:19 (Std) 	[ImageManager] Created image: 'TaharezLook/TabButtonMiddleSelected' (08B5B680) of type: BasicImage
30/06/2017 23:49:19 (Std) 	[ImageManager] Created image: 'TaharezLook/TooltipTopLeft' (08B5BE28) of type: BasicImage
30/06/2017 23:49:19 (Std) 	[ImageManager] Created image: 'TaharezLook/TooltipTopRight' (08B5BF40) of type: BasicImage
30/06/2017 23:49:19 (Std) 	[ImageManager] Created image: 'TaharezLook/TooltipBottomLeft' (08B5A618) of type: BasicImage
30/06/2017 23:49:19 (Std) 	[ImageManager] Created image: 'TaharezLook/TooltipBottomRight' (08B5C170) of type: BasicImage
30/06/2017 23:49:19 (Std) 	[ImageManager] Created image: 'TaharezLook/TooltipLeftEdge' (08B5C288) of type: BasicImage
30/06/2017 23:49:19 (Std) 	[ImageManager] Created image: 'TaharezLook/TooltipRightEdge' (08B5B220) of type: BasicImage
30/06/2017 23:49:19 (Std) 	[ImageManager] Created image: 'TaharezLook/TooltipTopEdge' (08B5C3A0) of type: BasicImage
30/06/2017 23:49:19 (Std) 	[ImageManager] Created image: 'TaharezLook/TooltipBottomEdge' (08B5AA78) of type: BasicImage
30/06/2017 23:49:19 (Std) 	[ImageManager] Created image: 'TaharezLook/TooltipMiddle' (08B5ACA8) of type: BasicImage
30/06/2017 23:49:19 (Std) 	[ImageManager] Created image: 'TaharezLook/MenuTopLeft' (08B5AFF0) of type: BasicImage
30/06/2017 23:49:19 (Std) 	[ImageManager] Created image: 'TaharezLook/MenuTopRight' (08B22790) of type: BasicImage
30/06/2017 23:49:19 (Std) 	[ImageManager] Created image: 'TaharezLook/MenuBottomLeft' (08B211B0) of type: BasicImage
30/06/2017 23:49:19 (Std) 	[ImageManager] Created image: 'TaharezLook/MenuBottomRight' (08B213E0) of type: BasicImage
30/06/2017 23:49:19 (Std) 	[ImageManager] Created image: 'TaharezLook/MenuLeft' (08B20D50) of type: BasicImage
30/06/2017 23:49:19 (Std) 	[ImageManager] Created image: 'TaharezLook/MenuRight' (08B22448) of type: BasicImage
30/06/2017 23:49:19 (Std) 	[ImageManager] Created image: 'TaharezLook/MenuTop' (08B20E68) of type: BasicImage
30/06/2017 23:49:19 (Std) 	[ImageManager] Created image: 'TaharezLook/MenuBottom' (08B214F8) of type: BasicImage
30/06/2017 23:49:19 (Std) 	[ImageManager] Created image: 'TaharezLook/MenuMiddle' (08B20F80) of type: BasicImage
30/06/2017 23:49:19 (Std) 	[ImageManager] Created image: 'TaharezLook/PopupMenuFrameTopLeft' (08B229C0) of type: BasicImage
30/06/2017 23:49:19 (Std) 	[ImageManager] Created image: 'TaharezLook/PopupMenuFrameTopRight' (08B21DB8) of type: BasicImage
30/06/2017 23:49:19 (Std) 	[ImageManager] Created image: 'TaharezLook/PopupMenuFrameBottomLeft' (08B21ED0) of type: BasicImage
30/06/2017 23:49:19 (Std) 	[ImageManager] Created image: 'TaharezLook/PopupMenuFrameBottomRight' (08B22100) of type: BasicImage
30/06/2017 23:49:19 (Std) 	[ImageManager] Created image: 'TaharezLook/PopupMenuFrameLeft' (08B22AD8) of type: BasicImage
30/06/2017 23:49:19 (Std) 	[ImageManager] Created image: 'TaharezLook/PopupMenuFrameRight' (08B21FE8) of type: BasicImage
30/06/2017 23:49:19 (Std) 	[ImageManager] Created image: 'TaharezLook/PopupMenuFrameTop' (08B228A8) of type: BasicImage
30/06/2017 23:49:19 (Std) 	[ImageManager] Created image: 'TaharezLook/PopupMenuFrameBottom' (08B21B88) of type: BasicImage
30/06/2017 23:49:19 (Std) 	[ImageManager] Created image: 'TaharezLook/PopupMenuMiddle' (08B22218) of type: BasicImage
30/06/2017 23:49:19 (Std) 	[ImageManager] Created image: 'TaharezLook/PopupMenuArrowRight' (08B21610) of type: BasicImage
30/06/2017 23:49:19 (Std) 	[ImageManager] Created image: 'TaharezLook/PopupMenuArrowLeft' (08B21098) of type: BasicImage
30/06/2017 23:49:19 (Std) 	[ImageManager] Created image: 'TaharezLook/TreeListClosed' (08B21CA0) of type: BasicImage
30/06/2017 23:49:19 (Std) 	[ImageManager] Created image: 'TaharezLook/TreeListOpened' (08B22330) of type: BasicImage
30/06/2017 23:49:19 (Std) 	[ImageManager] Created image: 'TaharezLook/UpArrow' (08B212C8) of type: BasicImage
30/06/2017 23:49:19 (Std) 	===== Falagard 'root' element: look and feel parsing begins =====
30/06/2017 23:49:19 (Std) 	===== Look and feel parsing completed =====
30/06/2017 23:49:19 (Std) 	No window renderer factories specified for module 'CEGUICoreWindowRendererSet' - adding all available factories...
30/06/2017 23:49:19 (Std) 	Created WindowRendererFactory for 'Core/Button' WindowRenderers.
30/06/2017 23:49:19 (Std) 	WindowRendererFactory 'Core/Button' added. (08CC2248)
30/06/2017 23:49:19 (Std) 	Created WindowRendererFactory for 'Core/Default' WindowRenderers.
30/06/2017 23:49:19 (Std) 	WindowRendererFactory 'Core/Default' added. (08CC2310)
30/06/2017 23:49:19 (Std) 	Created WindowRendererFactory for 'Core/Editbox' WindowRenderers.
30/06/2017 23:49:19 (Std) 	WindowRendererFactory 'Core/Editbox' added. (08CC20B8)
30/06/2017 23:49:19 (Std) 	Created WindowRendererFactory for 'Core/FrameWindow' WindowRenderers.
30/06/2017 23:49:19 (Std) 	WindowRendererFactory 'Core/FrameWindow' added. (08CC23D8)
30/06/2017 23:49:19 (Std) 	Created WindowRendererFactory for 'Core/ItemEntry' WindowRenderers.
30/06/2017 23:49:19 (Std) 	WindowRendererFactory 'Core/ItemEntry' added. (08942BD0)
30/06/2017 23:49:19 (Std) 	Created WindowRendererFactory for 'Core/ListHeader' WindowRenderers.
30/06/2017 23:49:19 (Std) 	WindowRendererFactory 'Core/ListHeader' added. (08942EF0)
30/06/2017 23:49:19 (Std) 	Created WindowRendererFactory for 'Core/ListHeaderSegment' WindowRenderers.
30/06/2017 23:49:19 (Std) 	WindowRendererFactory 'Core/ListHeaderSegment' added. (08943148)
30/06/2017 23:49:19 (Std) 	Created WindowRendererFactory for 'Core/Listbox' WindowRenderers.
30/06/2017 23:49:19 (Std) 	WindowRendererFactory 'Core/Listbox' added. (08942C98)
30/06/2017 23:49:19 (Std) 	Created WindowRendererFactory for 'Core/Menubar' WindowRenderers.
30/06/2017 23:49:19 (Std) 	WindowRendererFactory 'Core/Menubar' added. (089416B8)
30/06/2017 23:49:19 (Std) 	Created WindowRendererFactory for 'Core/MenuItem' WindowRenderers.
30/06/2017 23:49:19 (Std) 	WindowRendererFactory 'Core/MenuItem' added. (08941460)
30/06/2017 23:49:19 (Std) 	Created WindowRendererFactory for 'Core/MultiColumnList' WindowRenderers.
30/06/2017 23:49:19 (Std) 	WindowRendererFactory 'Core/MultiColumnList' added. (08941528)
30/06/2017 23:49:19 (Std) 	Created WindowRendererFactory for 'Core/MultiLineEditbox' WindowRenderers.
30/06/2017 23:49:19 (Std) 	WindowRendererFactory 'Core/MultiLineEditbox' added. (088CEBF8)
30/06/2017 23:49:19 (Std) 	Created WindowRendererFactory for 'Core/PopupMenu' WindowRenderers.
30/06/2017 23:49:19 (Std) 	WindowRendererFactory 'Core/PopupMenu' added. (088CF170)
30/06/2017 23:49:19 (Std) 	Created WindowRendererFactory for 'Core/ProgressBar' WindowRenderers.
30/06/2017 23:49:19 (Std) 	WindowRendererFactory 'Core/ProgressBar' added. (08B005A0)
30/06/2017 23:49:19 (Std) 	Created WindowRendererFactory for 'Core/ScrollablePane' WindowRenderers.
30/06/2017 23:49:19 (Std) 	WindowRendererFactory 'Core/ScrollablePane' added. (08B00CA8)
30/06/2017 23:49:19 (Std) 	Created WindowRendererFactory for 'Core/Scrollbar' WindowRenderers.
30/06/2017 23:49:19 (Std) 	WindowRendererFactory 'Core/Scrollbar' added. (08B00FC8)
30/06/2017 23:49:19 (Std) 	Created WindowRendererFactory for 'Core/Slider' WindowRenderers.
30/06/2017 23:49:19 (Std) 	WindowRendererFactory 'Core/Slider' added. (08B01158)
30/06/2017 23:49:19 (Std) 	Created WindowRendererFactory for 'Core/Static' WindowRenderers.
30/06/2017 23:49:19 (Std) 	WindowRendererFactory 'Core/Static' added. (08B01220)
30/06/2017 23:49:19 (Std) 	Created WindowRendererFactory for 'Core/StaticImage' WindowRenderers.
30/06/2017 23:49:19 (Std) 	WindowRendererFactory 'Core/StaticImage' added. (08B00F00)
30/06/2017 23:49:19 (Std) 	Created WindowRendererFactory for 'Core/StaticText' WindowRenderers.
30/06/2017 23:49:19 (Std) 	WindowRendererFactory 'Core/StaticText' added. (08B001B8)
30/06/2017 23:49:19 (Std) 	Created WindowRendererFactory for 'Core/TabButton' WindowRenderers.
30/06/2017 23:49:19 (Std) 	WindowRendererFactory 'Core/TabButton' added. (08B00668)
30/06/2017 23:49:19 (Std) 	Created WindowRendererFactory for 'Core/TabControl' WindowRenderers.
30/06/2017 23:49:19 (Std) 	WindowRendererFactory 'Core/TabControl' added. (08B004D8)
30/06/2017 23:49:19 (Std) 	Created WindowRendererFactory for 'Core/Titlebar' WindowRenderers.
30/06/2017 23:49:19 (Std) 	WindowRendererFactory 'Core/Titlebar' added. (08B01478)
30/06/2017 23:49:19 (Std) 	Created WindowRendererFactory for 'Core/ToggleButton' WindowRenderers.
30/06/2017 23:49:19 (Std) 	WindowRendererFactory 'Core/ToggleButton' added. (08B01090)
30/06/2017 23:49:19 (Std) 	Created WindowRendererFactory for 'Core/Tooltip' WindowRenderers.
30/06/2017 23:49:19 (Std) 	WindowRendererFactory 'Core/Tooltip' added. (08AFFF60)
30/06/2017 23:49:19 (Std) 	Created WindowRendererFactory for 'Core/ItemListbox' WindowRenderers.
30/06/2017 23:49:19 (Std) 	WindowRendererFactory 'Core/ItemListbox' added. (08B00D70)
30/06/2017 23:49:19 (Std) 	Created WindowRendererFactory for 'Core/Tree' WindowRenderers.
30/06/2017 23:49:19 (Std) 	WindowRendererFactory 'Core/Tree' added. (08B012E8)
30/06/2017 23:49:19 (Std) 	Creating falagard mapping for type 'TaharezLook/Label' using base type 'DefaultWindow', window renderer 'Core/Default' Look'N'Feel 'TaharezLook/Label' and RenderEffect ''. (012FC9A4)
30/06/2017 23:49:19 (Std) 	Creating falagard mapping for type 'TaharezLook/Button' using base type 'CEGUI/PushButton', window renderer 'Core/Button' Look'N'Feel 'TaharezLook/Button' and RenderEffect ''. (012FC9A4)
30/06/2017 23:49:19 (Std) 	Creating falagard mapping for type 'TaharezLook/Checkbox' using base type 'CEGUI/ToggleButton', window renderer 'Core/ToggleButton' Look'N'Feel 'TaharezLook/Checkbox' and RenderEffect ''. (012FC9A4)
30/06/2017 23:49:19 (Std) 	Creating falagard mapping for type 'TaharezLook/ImageButton' using base type 'CEGUI/PushButton', window renderer 'Core/Button' Look'N'Feel 'TaharezLook/ImageButton' and RenderEffect ''. (012FC9A4)
30/06/2017 23:49:19 (Std) 	Creating falagard mapping for type 'TaharezLook/RadioButton' using base type 'CEGUI/RadioButton', window renderer 'Core/ToggleButton' Look'N'Feel 'TaharezLook/RadioButton' and RenderEffect ''. (012FC9A4)
30/06/2017 23:49:19 (Std) 	Creating falagard mapping for type 'TaharezLook/FrameWindow' using base type 'CEGUI/FrameWindow', window renderer 'Core/FrameWindow' Look'N'Feel 'TaharezLook/FrameWindow' and RenderEffect ''. (012FC9A4)
30/06/2017 23:49:19 (Std) 	Creating falagard mapping for type 'TaharezLook/Titlebar' using base type 'CEGUI/Titlebar', window renderer 'Core/Titlebar' Look'N'Feel 'TaharezLook/Titlebar' and RenderEffect ''. (012FC9A4)
30/06/2017 23:49:19 (Std) 	Creating falagard mapping for type 'TaharezLook/Editbox' using base type 'CEGUI/Editbox', window renderer 'Core/Editbox' Look'N'Feel 'TaharezLook/Editbox' and RenderEffect ''. (012FC9A4)
30/06/2017 23:49:19 (Std) 	Creating falagard mapping for type 'TaharezLook/MultiLineEditbox' using base type 'CEGUI/MultiLineEditbox', window renderer 'Core/MultiLineEditbox' Look'N'Feel 'TaharezLook/MultiLineEditbox' and RenderEffect ''. (012FC9A4)
30/06/2017 23:49:19 (Std) 	Creating falagard mapping for type 'TaharezLook/Menubar' using base type 'CEGUI/Menubar', window renderer 'Core/Menubar' Look'N'Feel 'TaharezLook/Menubar' and RenderEffect ''. (012FC9A4)
30/06/2017 23:49:19 (Std) 	Creating falagard mapping for type 'TaharezLook/PopupMenu' using base type 'CEGUI/PopupMenu', window renderer 'Core/PopupMenu' Look'N'Feel 'TaharezLook/PopupMenu' and RenderEffect ''. (012FC9A4)
30/06/2017 23:49:19 (Std) 	Creating falagard mapping for type 'TaharezLook/MenuItem' using base type 'CEGUI/MenuItem', window renderer 'Core/MenuItem' Look'N'Feel 'TaharezLook/MenuItem' and RenderEffect ''. (012FC9A4)
30/06/2017 23:49:19 (Std) 	Creating falagard mapping for type 'TaharezLook/AlternateProgressBar' using base type 'CEGUI/ProgressBar', window renderer 'Core/ProgressBar' Look'N'Feel 'TaharezLook/AltProgressBar' and RenderEffect ''. (012FC9A4)
30/06/2017 23:49:19 (Std) 	Creating falagard mapping for type 'TaharezLook/ProgressBar' using base type 'CEGUI/ProgressBar', window renderer 'Core/ProgressBar' Look'N'Feel 'TaharezLook/ProgressBar' and RenderEffect ''. (012FC9A4)
30/06/2017 23:49:19 (Std) 	Creating falagard mapping for type 'TaharezLook/VUMeter' using base type 'CEGUI/ProgressBar', window renderer 'Core/ProgressBar' Look'N'Feel 'TaharezLook/VUMeter' and RenderEffect ''. (012FC9A4)
30/06/2017 23:49:19 (Std) 	Creating falagard mapping for type 'TaharezLook/VerticalScrollbar' using base type 'CEGUI/Scrollbar', window renderer 'Core/Scrollbar' Look'N'Feel 'TaharezLook/VerticalScrollbar' and RenderEffect ''. (012FC9A4)
30/06/2017 23:49:19 (Std) 	Creating falagard mapping for type 'TaharezLook/HorizontalScrollbar' using base type 'CEGUI/Scrollbar', window renderer 'Core/Scrollbar' Look'N'Feel 'TaharezLook/HorizontalScrollbar' and RenderEffect ''. (012FC9A4)
30/06/2017 23:49:19 (Std) 	Creating falagard mapping for type 'TaharezLook/VerticalScrollbarThumb' using base type 'CEGUI/Thumb', window renderer 'Core/Button' Look'N'Feel 'TaharezLook/VerticalScrollbarThumb' and RenderEffect ''. (012FC9A4)
30/06/2017 23:49:19 (Std) 	Creating falagard mapping for type 'TaharezLook/HorizontalScrollbarThumb' using base type 'CEGUI/Thumb', window renderer 'Core/Button' Look'N'Feel 'TaharezLook/HorizontalScrollbarThumb' and RenderEffect ''. (012FC9A4)
30/06/2017 23:49:19 (Std) 	Creating falagard mapping for type 'TaharezLook/LargeVerticalScrollbar' using base type 'CEGUI/Scrollbar', window renderer 'Core/Scrollbar' Look'N'Feel 'TaharezLook/LargeVerticalScrollbar' and RenderEffect ''. (012FC9A4)
30/06/2017 23:49:19 (Std) 	Creating falagard mapping for type 'TaharezLook/LargeVerticalScrollbarThumb' using base type 'CEGUI/Thumb', window renderer 'Core/Button' Look'N'Feel 'TaharezLook/LargeVerticalScrollbarThumb' and RenderEffect ''. (012FC9A4)
30/06/2017 23:49:19 (Std) 	Creating falagard mapping for type 'TaharezLook/TabButton' using base type 'CEGUI/TabButton', window renderer 'Core/TabButton' Look'N'Feel 'TaharezLook/TabButton' and RenderEffect ''. (012FC9A4)
30/06/2017 23:49:19 (Std) 	Creating falagard mapping for type 'TaharezLook/TabControl' using base type 'CEGUI/TabControl', window renderer 'Core/TabControl' Look'N'Feel 'TaharezLook/TabControl' and RenderEffect ''. (012FC9A4)
30/06/2017 23:49:19 (Std) 	Creating falagard mapping for type 'TaharezLook/TabContentPane' using base type 'DefaultWindow', window renderer 'Core/Default' Look'N'Feel 'TaharezLook/TabContentPane' and RenderEffect ''. (012FC9A4)
30/06/2017 23:49:19 (Std) 	Creating falagard mapping for type 'TaharezLook/TabButtonPane' using base type 'DefaultWindow', window renderer 'Core/Default' Look'N'Feel 'TaharezLook/TabButtonPane' and RenderEffect ''. (012FC9A4)
30/06/2017 23:49:19 (Std) 	Creating falagard mapping for type 'TaharezLook/ComboDropList' using base type 'CEGUI/ComboDropList', window renderer 'Core/Listbox' Look'N'Feel 'TaharezLook/ComboDropList' and RenderEffect ''. (012FC9A4)
30/06/2017 23:49:19 (Std) 	Creating falagard mapping for type 'TaharezLook/ComboEditbox' using base type 'CEGUI/Editbox', window renderer 'Core/Editbox' Look'N'Feel 'TaharezLook/ComboEditbox' and RenderEffect ''. (012FC9A4)
30/06/2017 23:49:19 (Std) 	Creating falagard mapping for type 'TaharezLook/Combobox' using base type 'CEGUI/Combobox', window renderer 'Core/Default' Look'N'Feel 'TaharezLook/Combobox' and RenderEffect ''. (012FC9A4)
30/06/2017 23:49:19 (Std) 	Creating falagard mapping for type 'TaharezLook/Listbox' using base type 'CEGUI/Listbox', window renderer 'Core/Listbox' Look'N'Feel 'TaharezLook/Listbox' and RenderEffect ''. (012FC9A4)
30/06/2017 23:49:19 (Std) 	Creating falagard mapping for type 'TaharezLook/ListHeader' using base type 'CEGUI/ListHeader', window renderer 'Core/ListHeader' Look'N'Feel 'TaharezLook/ListHeader' and RenderEffect ''. (012FC9A4)
30/06/2017 23:49:19 (Std) 	Creating falagard mapping for type 'TaharezLook/ListHeaderSegment' using base type 'CEGUI/ListHeaderSegment', window renderer 'Core/ListHeaderSegment' Look'N'Feel 'TaharezLook/ListHeaderSegment' and RenderEffect ''. (012FC9A4)
30/06/2017 23:49:19 (Std) 	Creating falagard mapping for type 'TaharezLook/MultiColumnList' using base type 'CEGUI/MultiColumnList', window renderer 'Core/MultiColumnList' Look'N'Feel 'TaharezLook/MultiColumnList' and RenderEffect ''. (012FC9A4)
30/06/2017 23:49:19 (Std) 	Creating falagard mapping for type 'TaharezLook/Slider' using base type 'CEGUI/Slider', window renderer 'Core/Slider' Look'N'Feel 'TaharezLook/Slider' and RenderEffect ''. (012FC9A4)
30/06/2017 23:49:19 (Std) 	Creating falagard mapping for type 'TaharezLook/SliderThumb' using base type 'CEGUI/Thumb', window renderer 'Core/Button' Look'N'Feel 'TaharezLook/SliderThumb' and RenderEffect ''. (012FC9A4)
30/06/2017 23:49:19 (Std) 	Creating falagard mapping for type 'TaharezLook/ScrollablePane' using base type 'CEGUI/ScrollablePane', window renderer 'Core/ScrollablePane' Look'N'Feel 'TaharezLook/ScrollablePane' and RenderEffect ''. (012FC9A4)
30/06/2017 23:49:19 (Std) 	Creating falagard mapping for type 'TaharezLook/Spinner' using base type 'CEGUI/Spinner', window renderer 'Core/Default' Look'N'Feel 'TaharezLook/Spinner' and RenderEffect ''. (012FC9A4)
30/06/2017 23:49:19 (Std) 	Creating falagard mapping for type 'TaharezLook/Tooltip' using base type 'CEGUI/Tooltip', window renderer 'Core/Tooltip' Look'N'Feel 'TaharezLook/Tooltip' and RenderEffect ''. (012FC9A4)
30/06/2017 23:49:19 (Std) 	Creating falagard mapping for type 'TaharezLook/StaticImage' using base type 'DefaultWindow', window renderer 'Core/StaticImage' Look'N'Feel 'TaharezLook/StaticImage' and RenderEffect ''. (012FC9A4)
30/06/2017 23:49:19 (Std) 	Creating falagard mapping for type 'TaharezLook/StaticText' using base type 'DefaultWindow', window renderer 'Core/StaticText' Look'N'Feel 'TaharezLook/StaticText' and RenderEffect ''. (012FC9A4)
30/06/2017 23:49:19 (Std) 	Creating falagard mapping for type 'TaharezLook/ItemListbox' using base type 'CEGUI/ItemListbox', window renderer 'Core/ItemListbox' Look'N'Feel 'TaharezLook/ItemListbox' and RenderEffect ''. (012FC9A4)
30/06/2017 23:49:19 (Std) 	Creating falagard mapping for type 'TaharezLook/ListboxItem' using base type 'CEGUI/ItemEntry', window renderer 'Core/ItemEntry' Look'N'Feel 'TaharezLook/ListboxItem' and RenderEffect ''. (012FC9A4)
30/06/2017 23:49:19 (Std) 	Creating falagard mapping for type 'TaharezLook/GroupBox' using base type 'DefaultWindow', window renderer 'Core/Default' Look'N'Feel 'TaharezLook/GroupBox' and RenderEffect ''. (012FC9A4)
30/06/2017 23:49:19 (Std) 	Creating falagard mapping for type 'TaharezLook/Tree' using base type 'CEGUI/Tree', window renderer 'Core/Tree' Look'N'Feel 'TaharezLook/Tree' and RenderEffect ''. (012FC9A4)
30/06/2017 23:49:19 (Std) 	Started creation of Scheme from XML specification:
30/06/2017 23:49:19 (Std) 	---- CEGUI GUIScheme name: AlfiskoSkin
30/06/2017 23:49:19 (Std) 	[ImageManager] Started creation of Imageset from XML specification:
30/06/2017 23:49:19 (Std) 	[ImageManager] ---- CEGUI Imageset name: AlfiskoSkin
30/06/2017 23:49:19 (Std) 	[ImageManager] ---- Source texture file: AlfiskoSkin.png
30/06/2017 23:49:19 (Std) 	[ImageManager] ---- Source texture resource group: (Default)
30/06/2017 23:49:19 (Std) 	[OpenGLRenderer] Created texture: AlfiskoSkin
30/06/2017 23:49:19 (Std) 	[ImageManager] Created image: 'AlfiskoSkin/WindowB' (08B21728) of type: BasicImage
30/06/2017 23:49:19 (Std) 	[ImageManager] Created image: 'AlfiskoSkin/WindowL' (08B20C38) of type: BasicImage
30/06/2017 23:49:19 (Std) 	[ImageManager] Created image: 'AlfiskoSkin/WindowR' (08B21840) of type: BasicImage
30/06/2017 23:49:19 (Std) 	[ImageManager] Created image: 'AlfiskoSkin/WindowT' (08B21958) of type: BasicImage
30/06/2017 23:49:19 (Std) 	[ImageManager] Created image: 'AlfiskoSkin/EditboxB' (08B22560) of type: BasicImage
30/06/2017 23:49:19 (Std) 	[ImageManager] Created image: 'AlfiskoSkin/EditboxL' (08B21A70) of type: BasicImage
30/06/2017 23:49:19 (Std) 	[ImageManager] Created image: 'AlfiskoSkin/EditboxR' (08B22678) of type: BasicImage
30/06/2017 23:49:19 (Std) 	[ImageManager] Created image: 'AlfiskoSkin/EditboxT' (08C37088) of type: BasicImage
30/06/2017 23:49:19 (Std) 	[ImageManager] Created image: 'AlfiskoSkin/WindowBL' (08C366B0) of type: BasicImage
30/06/2017 23:49:19 (Std) 	[ImageManager] Created image: 'AlfiskoSkin/WindowBR' (08C36F70) of type: BasicImage
30/06/2017 23:49:19 (Std) 	[ImageManager] Created image: 'AlfiskoSkin/WindowTL' (08C36D40) of type: BasicImage
30/06/2017 23:49:19 (Std) 	[ImageManager] Created image: 'AlfiskoSkin/WindowTR' (08C36B10) of type: BasicImage
30/06/2017 23:49:19 (Std) 	[ImageManager] Created image: 'AlfiskoSkin/EditboxBL' (08C36C28) of type: BasicImage
30/06/2017 23:49:19 (Std) 	[ImageManager] Created image: 'AlfiskoSkin/EditboxBR' (08C371A0) of type: BasicImage
30/06/2017 23:49:19 (Std) 	[ImageManager] Created image: 'AlfiskoSkin/EditboxTL' (08C36368) of type: BasicImage
30/06/2017 23:49:19 (Std) 	[ImageManager] Created image: 'AlfiskoSkin/EditboxTR' (08C36480) of type: BasicImage
30/06/2017 23:49:19 (Std) 	[ImageManager] Created image: 'AlfiskoSkin/MouseMove' (08C36598) of type: BasicImage
30/06/2017 23:49:19 (Std) 	[ImageManager] Created image: 'AlfiskoSkin/MouseNeSw' (08C368E0) of type: BasicImage
30/06/2017 23:49:19 (Std) 	[ImageManager] Created image: 'AlfiskoSkin/NewImage1' (08C367C8) of type: BasicImage
30/06/2017 23:49:19 (Std) 	[ImageManager] Created image: 'AlfiskoSkin/MouseArrow' (08C369F8) of type: BasicImage
30/06/2017 23:49:19 (Std) 	[ImageManager] Created image: 'AlfiskoSkin/WindowFill' (08C36E58) of type: BasicImage
30/06/2017 23:49:19 (Std) 	[ImageManager] Created image: 'AlfiskoSkin/EditboxFill' (08E88408) of type: BasicImage
30/06/2017 23:49:19 (Std) 	[ImageManager] Created image: 'AlfiskoSkin/WindowClipB' (08E873A0) of type: BasicImage
30/06/2017 23:49:19 (Std) 	[ImageManager] Created image: 'AlfiskoSkin/WindowClipL' (08E876E8) of type: BasicImage
30/06/2017 23:49:19 (Std) 	[ImageManager] Created image: 'AlfiskoSkin/WindowClipR' (08E87800) of type: BasicImage
30/06/2017 23:49:19 (Std) 	[ImageManager] Created image: 'AlfiskoSkin/WindowClipT' (08E89010) of type: BasicImage
30/06/2017 23:49:19 (Std) 	[ImageManager] Created image: 'AlfiskoSkin/ButtonHoverB' (08E88CC8) of type: BasicImage
30/06/2017 23:49:19 (Std) 	[ImageManager] Created image: 'AlfiskoSkin/ButtonHoverL' (08E88DE0) of type: BasicImage
30/06/2017 23:49:19 (Std) 	[ImageManager] Created image: 'AlfiskoSkin/ButtonHoverR' (08E881D8) of type: BasicImage
30/06/2017 23:49:19 (Std) 	[ImageManager] Created image: 'AlfiskoSkin/ButtonHoverT' (08E87FA8) of type: BasicImage
30/06/2017 23:49:19 (Std) 	[ImageManager] Created image: 'AlfiskoSkin/GenericBrush' (08E88638) of type: BasicImage
30/06/2017 23:49:19 (Std) 	[ImageManager] Created image: 'AlfiskoSkin/MouseTextBar' (08E89240) of type: BasicImage
30/06/2017 23:49:19 (Std) 	[ImageManager] Created image: 'AlfiskoSkin/ButtonHoverBL' (08E89128) of type: BasicImage
30/06/2017 23:49:19 (Std) 	[ImageManager] Created image: 'AlfiskoSkin/ButtonHoverBR' (08E88980) of type: BasicImage
30/06/2017 23:49:19 (Std) 	[ImageManager] Created image: 'AlfiskoSkin/ButtonHoverTL' (08E88A98) of type: BasicImage
30/06/2017 23:49:19 (Std) 	[ImageManager] Created image: 'AlfiskoSkin/ButtonHoverTR' (08E87E90) of type: BasicImage
30/06/2017 23:49:19 (Std) 	[ImageManager] Created image: 'AlfiskoSkin/ButtonNormalB' (08E874B8) of type: BasicImage
30/06/2017 23:49:19 (Std) 	[ImageManager] Created image: 'AlfiskoSkin/ButtonNormalL' (08E87058) of type: BasicImage
30/06/2017 23:49:19 (Std) 	[ImageManager] Created image: 'AlfiskoSkin/ButtonNormalR' (08E88750) of type: BasicImage
30/06/2017 23:49:19 (Std) 	[ImageManager] Created image: 'AlfiskoSkin/ButtonNormalT' (08E88520) of type: BasicImage
30/06/2017 23:49:19 (Std) 	[ImageManager] Created image: 'AlfiskoSkin/ButtonPushedB' (08E87170) of type: BasicImage
30/06/2017 23:49:19 (Std) 	[ImageManager] Created image: 'AlfiskoSkin/ButtonPushedL' (08E87C60) of type: BasicImage
30/06/2017 23:49:19 (Std) 	[ImageManager] Created image: 'AlfiskoSkin/ButtonPushedR' (08E875D0) of type: BasicImage
30/06/2017 23:49:19 (Std) 	[ImageManager] Created image: 'AlfiskoSkin/ButtonPushedT' (08E87918) of type: BasicImage
30/06/2017 23:49:19 (Std) 	[ImageManager] Created image: 'AlfiskoSkin/CheckboxHover' (08E87A30) of type: BasicImage
30/06/2017 23:49:19 (Std) 	[ImageManager] Created image: 'AlfiskoSkin/ProgressFullB' (08E880C0) of type: BasicImage
30/06/2017 23:49:19 (Std) 	[ImageManager] Created image: 'AlfiskoSkin/ProgressFullL' (08E882F0) of type: BasicImage
30/06/2017 23:49:19 (Std) 	[ImageManager] Created image: 'AlfiskoSkin/ProgressFullR' (08E88868) of type: BasicImage
30/06/2017 23:49:19 (Std) 	[ImageManager] Created image: 'AlfiskoSkin/ProgressFullT' (08E87288) of type: BasicImage
30/06/2017 23:49:19 (Std) 	[ImageManager] Created image: 'AlfiskoSkin/ScrollUpHover' (08E88BB0) of type: BasicImage
30/06/2017 23:49:19 (Std) 	[ImageManager] Created image: 'AlfiskoSkin/ButtonNormalBL' (08E88EF8) of type: BasicImage
30/06/2017 23:49:19 (Std) 	[ImageManager] Created image: 'AlfiskoSkin/ButtonNormalBR' (08E87B48) of type: BasicImage
30/06/2017 23:49:19 (Std) 	[ImageManager] Created image: 'AlfiskoSkin/ButtonNormalTL' (08E89E48) of type: BasicImage
30/06/2017 23:49:19 (Std) 	[ImageManager] Created image: 'AlfiskoSkin/ButtonNormalTR' (08E8A938) of type: BasicImage
30/06/2017 23:49:19 (Std) 	[ImageManager] Created image: 'AlfiskoSkin/ButtonPushedBL' (08E896A0) of type: BasicImage
30/06/2017 23:49:19 (Std) 	[ImageManager] Created image: 'AlfiskoSkin/ButtonPushedBR' (08E89D30) of type: BasicImage
30/06/2017 23:49:19 (Std) 	[ImageManager] Created image: 'AlfiskoSkin/ButtonPushedTL' (08E8A190) of type: BasicImage
30/06/2017 23:49:19 (Std) 	[ImageManager] Created image: 'AlfiskoSkin/ButtonPushedTR' (08E89B00) of type: BasicImage
30/06/2017 23:49:19 (Std) 	[ImageManager] Created image: 'AlfiskoSkin/CheckboxNormal' (08E898D0) of type: BasicImage
30/06/2017 23:49:19 (Std) 	[ImageManager] Created image: 'AlfiskoSkin/HorzScrollbarB' (08E8A2A8) of type: BasicImage
30/06/2017 23:49:19 (Std) 	[ImageManager] Created image: 'AlfiskoSkin/HorzScrollbarT' (08E89C18) of type: BasicImage
30/06/2017 23:49:19 (Std) 	[ImageManager] Created image: 'AlfiskoSkin/ProgressEmptyB' (08E8AC80) of type: BasicImage
30/06/2017 23:49:19 (Std) 	[ImageManager] Created image: 'AlfiskoSkin/ProgressEmptyL' (08E8A078) of type: BasicImage
30/06/2017 23:49:19 (Std) 	[ImageManager] Created image: 'AlfiskoSkin/ProgressEmptyR' (08E8A4D8) of type: BasicImage
30/06/2017 23:49:19 (Std) 	[ImageManager] Created image: 'AlfiskoSkin/ProgressEmptyT' (08E899E8) of type: BasicImage
30/06/2017 23:49:19 (Std) 	[ImageManager] Created image: 'AlfiskoSkin/ProgressFullBL' (08E897B8) of type: BasicImage
30/06/2017 23:49:19 (Std) 	[ImageManager] Created image: 'AlfiskoSkin/ProgressFullBR' (08E8AD98) of type: BasicImage
30/06/2017 23:49:19 (Std) 	[ImageManager] Created image: 'AlfiskoSkin/ProgressFullTL' (08E89F60) of type: BasicImage
30/06/2017 23:49:19 (Std) 	[ImageManager] Created image: 'AlfiskoSkin/ProgressFullTR' (08E8A3C0) of type: BasicImage
30/06/2017 23:49:19 (Std) 	[ImageManager] Created image: 'AlfiskoSkin/ProgressShadow' (08E8A5F0) of type: BasicImage
30/06/2017 23:49:19 (Std) 	[ImageManager] Created image: 'AlfiskoSkin/ScrollUpNormal' (08E8A708) of type: BasicImage
30/06/2017 23:49:19 (Std) 	[ImageManager] Created image: 'AlfiskoSkin/ScrollUpPushed' (08E8A820) of type: BasicImage
30/06/2017 23:49:19 (Std) 	[ImageManager] Created image: 'AlfiskoSkin/TitlebarDummy1' (08E8AA50) of type: BasicImage
30/06/2017 23:49:19 (Std) 	[ImageManager] Created image: 'AlfiskoSkin/VertScrollbarL' (08E8AB68) of type: BasicImage
30/06/2017 23:49:19 (Std) 	[ImageManager] Created image: 'AlfiskoSkin/VertScrollbarR' (08E8AEB0) of type: BasicImage
30/06/2017 23:49:19 (Std) 	[ImageManager] Created image: 'AlfiskoSkin/CheckboxChecked' (08E89358) of type: BasicImage
30/06/2017 23:49:19 (Std) 	[ImageManager] Created image: 'AlfiskoSkin/HorzThumbHoverB' (08E89470) of type: BasicImage
30/06/2017 23:49:19 (Std) 	[ImageManager] Created image: 'AlfiskoSkin/HorzThumbHoverT' (08E87D78) of type: BasicImage
30/06/2017 23:49:19 (Std) 	[ImageManager] Created image: 'AlfiskoSkin/ProgressEmptyBL' (08E89588) of type: BasicImage
30/06/2017 23:49:19 (Std) 	[ImageManager] Created image: 'AlfiskoSkin/ProgressEmptyBR' (08E95698) of type: BasicImage
30/06/2017 23:49:19 (Std) 	[ImageManager] Created image: 'AlfiskoSkin/ProgressEmptyTL' (08E94630) of type: BasicImage
30/06/2017 23:49:19 (Std) 	[ImageManager] Created image: 'AlfiskoSkin/ProgressEmptyTR' (08E94748) of type: BasicImage
30/06/2017 23:49:19 (Std) 	[ImageManager] Created image: 'AlfiskoSkin/ScrollDownHover' (08E95238) of type: BasicImage
30/06/2017 23:49:19 (Std) 	[ImageManager] Created image: 'AlfiskoSkin/ScrollLeftHover' (08E94CC0) of type: BasicImage
30/06/2017 23:49:19 (Std) 	[ImageManager] Created image: 'AlfiskoSkin/TitlebarActiveB' (08E942E8) of type: BasicImage
30/06/2017 23:49:19 (Std) 	[ImageManager] Created image: 'AlfiskoSkin/TitlebarActiveL' (08E94400) of type: BasicImage
30/06/2017 23:49:19 (Std) 	[ImageManager] Created image: 'AlfiskoSkin/TitlebarActiveR' (08E95AF8) of type: BasicImage
30/06/2017 23:49:19 (Std) 	[ImageManager] Created image: 'AlfiskoSkin/TitlebarActiveT' (08E957B0) of type: BasicImage
30/06/2017 23:49:19 (Std) 	[ImageManager] Created image: 'AlfiskoSkin/VertThumbHoverL' (08E95120) of type: BasicImage
30/06/2017 23:49:19 (Std) 	[ImageManager] Created image: 'AlfiskoSkin/VertThumbHoverR' (08E94EF0) of type: BasicImage
30/06/2017 23:49:19 (Std) 	[ImageManager] Created image: 'AlfiskoSkin/ButtonHoverFill1' (08E94518) of type: BasicImage
30/06/2017 23:49:19 (Std) 	[ImageManager] Created image: 'AlfiskoSkin/ButtonHoverFill2' (08E94BA8) of type: BasicImage
30/06/2017 23:49:19 (Std) 	[ImageManager] Created image: 'AlfiskoSkin/HorzSliderTrackL' (08E94DD8) of type: BasicImage
30/06/2017 23:49:19 (Std) 	[ImageManager] Created image: 'AlfiskoSkin/HorzSliderTrackR' (08E94860) of type: BasicImage
30/06/2017 23:49:19 (Std) 	[ImageManager] Created image: 'AlfiskoSkin/HorzThumbHoverBL' (08E95008) of type: BasicImage
30/06/2017 23:49:19 (Std) 	[ImageManager] Created image: 'AlfiskoSkin/HorzThumbHoverBR' (08E94978) of type: BasicImage
30/06/2017 23:49:19 (Std) 	[ImageManager] Created image: 'AlfiskoSkin/HorzThumbHoverTL' (08E940B8) of type: BasicImage
30/06/2017 23:49:19 (Std) 	[ImageManager] Created image: 'AlfiskoSkin/HorzThumbHoverTR' (08E94A90) of type: BasicImage
30/06/2017 23:49:19 (Std) 	[ImageManager] Created image: 'AlfiskoSkin/HorzThumbNormalB' (08E958C8) of type: BasicImage
30/06/2017 23:49:19 (Std) 	[ImageManager] Created image: 'AlfiskoSkin/HorzThumbNormalT' (08E959E0) of type: BasicImage
30/06/2017 23:49:19 (Std) 	[ImageManager] Created image: 'AlfiskoSkin/HorzThumbPushedB' (08E95350) of type: BasicImage
30/06/2017 23:49:19 (Std) 	[ImageManager] Created image: 'AlfiskoSkin/HorzThumbPushedT' (08E93FA0) of type: BasicImage
30/06/2017 23:49:19 (Std) 	[ImageManager] Created image: 'AlfiskoSkin/HorzThumbShadowL' (08E95468) of type: BasicImage
30/06/2017 23:49:19 (Std) 	[ImageManager] Created image: 'AlfiskoSkin/HorzThumbShadowR' (08E95580) of type: BasicImage
30/06/2017 23:49:19 (Std) 	[ImageManager] Created image: 'AlfiskoSkin/ProgressFullFill' (08E941D0) of type: BasicImage
30/06/2017 23:49:19 (Std) 	[ImageManager] Created image: 'AlfiskoSkin/RadioButtonHover' (08E92560) of type: BasicImage
30/06/2017 23:49:19 (Std) 	[ImageManager] Created image: 'AlfiskoSkin/ScrollDownNormal' (08E92100) of type: BasicImage
30/06/2017 23:49:19 (Std) 	[ImageManager] Created image: 'AlfiskoSkin/ScrollDownPushed' (08E91ED0) of type: BasicImage
30/06/2017 23:49:19 (Std) 	[ImageManager] Created image: 'AlfiskoSkin/ScrollLeftNormal' (08E92678) of type: BasicImage
30/06/2017 23:49:19 (Std) 	[ImageManager] Created image: 'AlfiskoSkin/ScrollLeftPushed' (08E92330) of type: BasicImage
30/06/2017 23:49:19 (Std) 	[ImageManager] Created image: 'AlfiskoSkin/ScrollRightHover' (08E93280) of type: BasicImage
30/06/2017 23:49:19 (Std) 	[ImageManager] Created image: 'AlfiskoSkin/TitlebarActiveBL' (08E92E20) of type: BasicImage
30/06/2017 23:49:19 (Std) 	[ImageManager] Created image: 'AlfiskoSkin/TitlebarActiveBR' (08E91FE8) of type: BasicImage
30/06/2017 23:49:19 (Std) 	[ImageManager] Created image: 'AlfiskoSkin/TitlebarActiveTL' (08E91CA0) of type: BasicImage
30/06/2017 23:49:19 (Std) 	[ImageManager] Created image: 'AlfiskoSkin/TitlebarActiveTR' (08E936E0) of type: BasicImage
30/06/2017 23:49:19 (Std) 	[ImageManager] Created image: 'AlfiskoSkin/VertSliderTrackB' (08E92790) of type: BasicImage
30/06/2017 23:49:19 (Std) 	[ImageManager] Created image: 'AlfiskoSkin/VertSliderTrackT' (08E92218) of type: BasicImage
30/06/2017 23:49:19 (Std) 	[ImageManager] Created image: 'AlfiskoSkin/VertThumbHoverBL' (08E92F38) of type: BasicImage
30/06/2017 23:49:19 (Std) 	[ImageManager] Created image: 'AlfiskoSkin/VertThumbHoverBR' (08E93910) of type: BasicImage
30/06/2017 23:49:19 (Std) 	[ImageManager] Created image: 'AlfiskoSkin/VertThumbHoverTL' (08E93398) of type: BasicImage
30/06/2017 23:49:19 (Std) 	[ImageManager] Created image: 'AlfiskoSkin/VertThumbHoverTR' (08E92AD8) of type: BasicImage
30/06/2017 23:49:19 (Std) 	[ImageManager] Created image: 'AlfiskoSkin/VertThumbNormalL' (08E928A8) of type: BasicImage
30/06/2017 23:49:19 (Std) 	[ImageManager] Created image: 'AlfiskoSkin/VertThumbNormalR' (08E93C58) of type: BasicImage
30/06/2017 23:49:19 (Std) 	[ImageManager] Created image: 'AlfiskoSkin/VertThumbPushedL' (08E92BF0) of type: BasicImage
30/06/2017 23:49:19 (Std) 	[ImageManager] Created image: 'AlfiskoSkin/VertThumbPushedR' (08E937F8) of type: BasicImage
30/06/2017 23:49:19 (Std) 	[ImageManager] Created image: 'AlfiskoSkin/VertThumbShadowB' (08E92448) of type: BasicImage
30/06/2017 23:49:19 (Std) 	[ImageManager] Created image: 'AlfiskoSkin/VertThumbShadowT' (08E929C0) of type: BasicImage
30/06/2017 23:49:19 (Std) 	[ImageManager] Created image: 'AlfiskoSkin/ButtonNormalFill1' (08E93050) of type: BasicImage
30/06/2017 23:49:19 (Std) 	[ImageManager] Created image: 'AlfiskoSkin/ButtonNormalFill2' (08E93168) of type: BasicImage
30/06/2017 23:49:19 (Std) 	[ImageManager] Created image: 'AlfiskoSkin/ButtonPushedFill1' (08E93B40) of type: BasicImage
30/06/2017 23:49:19 (Std) 	[ImageManager] Created image: 'AlfiskoSkin/ButtonPushedFill2' (08E934B0) of type: BasicImage
30/06/2017 23:49:19 (Std) 	[ImageManager] Created image: 'AlfiskoSkin/CloseButtonNormal' (08E92D08) of type: BasicImage
30/06/2017 23:49:19 (Std) 	[ImageManager] Created image: 'AlfiskoSkin/CloseButtonPushed' (08E93A28) of type: BasicImage
30/06/2017 23:49:19 (Std) 	[ImageManager] Created image: 'AlfiskoSkin/HorzSliderShadowL' (08E935C8) of type: BasicImage
30/06/2017 23:49:19 (Std) 	[ImageManager] Created image: 'AlfiskoSkin/HorzSliderShadowR' (08E93D70) of type: BasicImage
30/06/2017 23:49:19 (Std) 	[ImageManager] Created image: 'AlfiskoSkin/HorzThumbNormalBL' (08E93E88) of type: BasicImage
30/06/2017 23:49:19 (Std) 	[ImageManager] Created image: 'AlfiskoSkin/HorzThumbNormalBR' (08E91DB8) of type: BasicImage
30/06/2017 23:49:19 (Std) 	[ImageManager] Created image: 'AlfiskoSkin/HorzThumbNormalTL' (08E9C640) of type: BasicImage
30/06/2017 23:49:19 (Std) 	[ImageManager] Created image: 'AlfiskoSkin/HorzThumbNormalTR' (08E9D6A8) of type: BasicImage
30/06/2017 23:49:19 (Std) 	[ImageManager] Created image: 'AlfiskoSkin/HorzThumbPushedBL' (08E9D8D8) of type: BasicImage
30/06/2017 23:49:19 (Std) 	[ImageManager] Created image: 'AlfiskoSkin/HorzThumbPushedBR' (08E9D7C0) of type: BasicImage
30/06/2017 23:49:19 (Std) 	[ImageManager] Created image: 'AlfiskoSkin/HorzThumbPushedTL' (08E9CDE8) of type: BasicImage
30/06/2017 23:49:19 (Std) 	[ImageManager] Created image: 'AlfiskoSkin/HorzThumbPushedTR' (08E9D018) of type: BasicImage
30/06/2017 23:49:19 (Std) 	[ImageManager] Created image: 'AlfiskoSkin/ProgressEmptyFill' (08E9C988) of type: BasicImage
30/06/2017 23:49:19 (Std) 	[ImageManager] Created image: 'AlfiskoSkin/RadioButtonNormal' (08E9C1E0) of type: BasicImage
30/06/2017 23:49:19 (Std) 	[ImageManager] Created image: 'AlfiskoSkin/ScrollRightNormal' (08E9C2F8) of type: BasicImage
30/06/2017 23:49:19 (Std) 	[ImageManager] Created image: 'AlfiskoSkin/ScrollRightPushed' (08E9DB08) of type: BasicImage
30/06/2017 23:49:19 (Std) 	[ImageManager] Created image: 'AlfiskoSkin/TitlebarInactiveB' (08E9D130) of type: BasicImage
30/06/2017 23:49:19 (Std) 	[ImageManager] Created image: 'AlfiskoSkin/TitlebarInactiveL' (08E9BFB0) of type: BasicImage
30/06/2017 23:49:19 (Std) 	[ImageManager] Created image: 'AlfiskoSkin/TitlebarInactiveR' (08E9CAA0) of type: BasicImage
30/06/2017 23:49:19 (Std) 	[ImageManager] Created image: 'AlfiskoSkin/TitlebarInactiveT' (08E9CBB8) of type: BasicImage
30/06/2017 23:49:19 (Std) 	[ImageManager] Created image: 'AlfiskoSkin/VertSliderShadowB' (08E9D590) of type: BasicImage
30/06/2017 23:49:19 (Std) 	[ImageManager] Created image: 'AlfiskoSkin/VertSliderShadowT' (08E9C758) of type: BasicImage
30/06/2017 23:49:19 (Std) 	[ImageManager] Created image: 'AlfiskoSkin/VertThumbNormalBL' (08E9D9F0) of type: BasicImage
30/06/2017 23:49:19 (Std) 	[ImageManager] Created image: 'AlfiskoSkin/VertThumbNormalBR' (08E9C0C8) of type: BasicImage
30/06/2017 23:49:19 (Std) 	[ImageManager] Created image: 'AlfiskoSkin/VertThumbNormalTL' (08E9D360) of type: BasicImage
30/06/2017 23:49:19 (Std) 	[ImageManager] Created image: 'AlfiskoSkin/VertThumbNormalTR' (08E9C410) of type: BasicImage
30/06/2017 23:49:19 (Std) 	[ImageManager] Created image: 'AlfiskoSkin/VertThumbPushedBL' (08E9C528) of type: BasicImage
30/06/2017 23:49:19 (Std) 	[ImageManager] Created image: 'AlfiskoSkin/VertThumbPushedBR' (08E9D478) of type: BasicImage
30/06/2017 23:49:19 (Std) 	[ImageManager] Created image: 'AlfiskoSkin/VertThumbPushedTL' (08E9CCD0) of type: BasicImage
30/06/2017 23:49:19 (Std) 	[ImageManager] Created image: 'AlfiskoSkin/VertThumbPushedTR' (08E9C870) of type: BasicImage
30/06/2017 23:49:19 (Std) 	[ImageManager] Created image: 'AlfiskoSkin/HorzScrollbarFill1' (08E9D248) of type: BasicImage
30/06/2017 23:49:19 (Std) 	[ImageManager] Created image: 'AlfiskoSkin/HorzScrollbarFill2' (08E9CF00) of type: BasicImage
30/06/2017 23:49:19 (Std) 	[ImageManager] Created image: 'AlfiskoSkin/RadioButtonChecked' (08E9B178) of type: BasicImage
30/06/2017 23:49:19 (Std) 	[ImageManager] Created image: 'AlfiskoSkin/TitlebarInactiveBL' (08E99FF8) of type: BasicImage
30/06/2017 23:49:19 (Std) 	[ImageManager] Created image: 'AlfiskoSkin/TitlebarInactiveBR' (08E9B5D8) of type: BasicImage
30/06/2017 23:49:19 (Std) 	[ImageManager] Created image: 'AlfiskoSkin/TitlebarInactiveTL' (08E9A7A0) of type: BasicImage
30/06/2017 23:49:19 (Std) 	[ImageManager] Created image: 'AlfiskoSkin/TitlebarInactiveTR' (08E9B3A8) of type: BasicImage
30/06/2017 23:49:19 (Std) 	[ImageManager] Created image: 'AlfiskoSkin/VertScrollbarFill1' (08E9BB50) of type: BasicImage
30/06/2017 23:49:19 (Std) 	[ImageManager] Created image: 'AlfiskoSkin/VertScrollbarFill2' (08E99DC8) of type: BasicImage
30/06/2017 23:49:19 (Std) 	[ImageManager] Created image: 'AlfiskoSkin/HorzSliderTrackFill' (08E99CB0) of type: BasicImage
30/06/2017 23:49:19 (Std) 	[ImageManager] Created image: 'AlfiskoSkin/TitlebarActiveFill1' (08E9B290) of type: BasicImage
30/06/2017 23:49:19 (Std) 	[ImageManager] Created image: 'AlfiskoSkin/TitlebarActiveFill2' (08E9BC68) of type: BasicImage
30/06/2017 23:49:19 (Std) 	[ImageManager] Created image: 'AlfiskoSkin/VertSliderTrackFill' (08E9B4C0) of type: BasicImage
30/06/2017 23:49:19 (Std) 	[ImageManager] Created image: 'AlfiskoSkin/HorzSliderThumbHover' (08E9B920) of type: BasicImage
30/06/2017 23:49:19 (Std) 	[ImageManager] Created image: 'AlfiskoSkin/VertSliderThumbHover' (08E9BE98) of type: BasicImage
30/06/2017 23:49:19 (Std) 	[ImageManager] Created image: 'AlfiskoSkin/HorzSliderThumbNormal' (08E9A340) of type: BasicImage
30/06/2017 23:49:19 (Std) 	[ImageManager] Created image: 'AlfiskoSkin/HorzSliderThumbPushed' (08E99EE0) of type: BasicImage
30/06/2017 23:49:19 (Std) 	[ImageManager] Created image: 'AlfiskoSkin/TitlebarInactiveFill1' (08E9BA38) of type: BasicImage
30/06/2017 23:49:19 (Std) 	[ImageManager] Created image: 'AlfiskoSkin/TitlebarInactiveFill2' (08E9A110) of type: BasicImage
30/06/2017 23:49:19 (Std) 	[ImageManager] Created image: 'AlfiskoSkin/VertSliderThumbNormal' (08E9BD80) of type: BasicImage
30/06/2017 23:49:19 (Std) 	[ImageManager] Created image: 'AlfiskoSkin/VertSliderThumbPushed' (08E9A688) of type: BasicImage
30/06/2017 23:49:19 (Std) 	---- Returning existing instance of Font named 'DejaVuSans-12'.
30/06/2017 23:49:19 (Std) 	===== Falagard 'root' element: look and feel parsing begins =====
30/06/2017 23:49:19 (Std) 	===== Look and feel parsing completed =====
30/06/2017 23:49:19 (Std) 	No window renderer factories specified for module 'CEGUICoreWindowRendererSet' - adding all available factories...
30/06/2017 23:49:19 (Std) 	Creating falagard mapping for type 'AlfiskoSkin/Label' using base type 'DefaultWindow', window renderer 'Core/Default' Look'N'Feel 'AlfiskoSkin/Label' and RenderEffect ''. (012FC9A4)
30/06/2017 23:49:19 (Std) 	Creating falagard mapping for type 'AlfiskoSkin/Button' using base type 'CEGUI/PushButton', window renderer 'Core/Button' Look'N'Feel 'AlfiskoSkin/Button' and RenderEffect ''. (012FC9A4)
30/06/2017 23:49:19 (Std) 	Creating falagard mapping for type 'AlfiskoSkin/ImageButton' using base type 'CEGUI/PushButton', window renderer 'Core/Button' Look'N'Feel 'AlfiskoSkin/ImageButton' and RenderEffect ''. (012FC9A4)
30/06/2017 23:49:19 (Std) 	Creating falagard mapping for type 'AlfiskoSkin/RadioButton' using base type 'CEGUI/RadioButton', window renderer 'Core/ToggleButton' Look'N'Feel 'AlfiskoSkin/RadioButton' and RenderEffect ''. (012FC9A4)
30/06/2017 23:49:19 (Std) 	Creating falagard mapping for type 'AlfiskoSkin/Checkbox' using base type 'CEGUI/ToggleButton', window renderer 'Core/ToggleButton' Look'N'Feel 'AlfiskoSkin/Checkbox' and RenderEffect ''. (012FC9A4)
30/06/2017 23:49:19 (Std) 	Creating falagard mapping for type 'AlfiskoSkin/Titlebar' using base type 'CEGUI/Titlebar', window renderer 'Core/Titlebar' Look'N'Feel 'AlfiskoSkin/Titlebar' and RenderEffect ''. (012FC9A4)
30/06/2017 23:49:19 (Std) 	Creating falagard mapping for type 'AlfiskoSkin/FrameWindow' using base type 'CEGUI/FrameWindow', window renderer 'Core/FrameWindow' Look'N'Feel 'AlfiskoSkin/FrameWindow' and RenderEffect ''. (012FC9A4)
30/06/2017 23:49:19 (Std) 	Creating falagard mapping for type 'AlfiskoSkin/Editbox' using base type 'CEGUI/Editbox', window renderer 'Core/Editbox' Look'N'Feel 'AlfiskoSkin/Editbox' and RenderEffect ''. (012FC9A4)
30/06/2017 23:49:19 (Std) 	Creating falagard mapping for type 'AlfiskoSkin/VerticalScrollbarThumb' using base type 'CEGUI/Thumb', window renderer 'Core/Button' Look'N'Feel 'AlfiskoSkin/VerticalScrollbarThumb' and RenderEffect ''. (012FC9A4)
30/06/2017 23:49:19 (Std) 	Creating falagard mapping for type 'AlfiskoSkin/VerticalScrollbar' using base type 'CEGUI/Scrollbar', window renderer 'Core/Scrollbar' Look'N'Feel 'AlfiskoSkin/VerticalScrollbar' and RenderEffect ''. (012FC9A4)
30/06/2017 23:49:19 (Std) 	Creating falagard mapping for type 'AlfiskoSkin/HorizontalScrollbarThumb' using base type 'CEGUI/Thumb', window renderer 'Core/Button' Look'N'Feel 'AlfiskoSkin/HorizontalScrollbarThumb' and RenderEffect ''. (012FC9A4)
30/06/2017 23:49:19 (Std) 	Creating falagard mapping for type 'AlfiskoSkin/HorizontalScrollbar' using base type 'CEGUI/Scrollbar', window renderer 'Core/Scrollbar' Look'N'Feel 'AlfiskoSkin/HorizontalScrollbar' and RenderEffect ''. (012FC9A4)
30/06/2017 23:49:19 (Std) 	Creating falagard mapping for type 'AlfiskoSkin/MultiLineEditbox' using base type 'CEGUI/MultiLineEditbox', window renderer 'Core/MultiLineEditbox' Look'N'Feel 'AlfiskoSkin/MultiLineEditbox' and RenderEffect ''. (012FC9A4)
30/06/2017 23:49:19 (Std) 	Creating falagard mapping for type 'AlfiskoSkin/ProgressBar' using base type 'CEGUI/ProgressBar', window renderer 'Core/ProgressBar' Look'N'Feel 'AlfiskoSkin/ProgressBar' and RenderEffect ''. (012FC9A4)
30/06/2017 23:49:19 (Std) 	Creating falagard mapping for type 'AlfiskoSkin/HorizontalSliderThumb' using base type 'CEGUI/Thumb', window renderer 'Core/Button' Look'N'Feel 'AlfiskoSkin/HorizontalSliderThumb' and RenderEffect ''. (012FC9A4)
30/06/2017 23:49:19 (Std) 	Creating falagard mapping for type 'AlfiskoSkin/HorizontalSlider' using base type 'CEGUI/Slider', window renderer 'Core/Slider' Look'N'Feel 'AlfiskoSkin/HorizontalSlider' and RenderEffect ''. (012FC9A4)
30/06/2017 23:49:19 (Std) 	Creating falagard mapping for type 'AlfiskoSkin/VerticalSliderThumb' using base type 'CEGUI/Thumb', window renderer 'Core/Button' Look'N'Feel 'AlfiskoSkin/VerticalSliderThumb' and RenderEffect ''. (012FC9A4)
30/06/2017 23:49:19 (Std) 	Creating falagard mapping for type 'AlfiskoSkin/VerticalSlider' using base type 'CEGUI/Slider', window renderer 'Core/Slider' Look'N'Feel 'AlfiskoSkin/VerticalSlider' and RenderEffect ''. (012FC9A4)
30/06/2017 23:49:19 (Std) 	Creating falagard mapping for type 'AlfiskoSkin/MenuItem' using base type 'CEGUI/MenuItem', window renderer 'Core/MenuItem' Look'N'Feel 'AlfiskoSkin/MenuItem' and RenderEffect ''. (012FC9A4)
30/06/2017 23:49:19 (Std) 	[OpenGLRenderer] Created texture: DejaVuSans-10_auto_glyph_images_32
30/06/2017 23:49:21 (Std) 	Started creation of Scheme from XML specification:
30/06/2017 23:49:21 (Std) 	---- CEGUI GUIScheme name: TaharezLook
30/06/2017 23:49:21 (Std) 	---- Returning existing instance of Scheme named 'TaharezLook'.
30/06/2017 23:49:21 (Std) 	Started creation of Scheme from XML specification:
30/06/2017 23:49:21 (Std) 	---- CEGUI GUIScheme name: AlfiskoSkin
30/06/2017 23:49:21 (Std) 	---- Returning existing instance of Scheme named 'AlfiskoSkin'.
30/06/2017 23:49:21 (Std) 	---- Returning existing instance of Font named 'DejaVuSans-10'.
