c:\users\luis\documents\clases\papuengine\debug\vc140.pdb
c:\users\luis\documents\clases\papuengine\debug\vc140.idb
c:\users\luis\documents\clases\papuengine\debug\game.obj
c:\users\luis\documents\clases\papuengine\debug\gameplayscreen.obj
c:\users\luis\documents\clases\papuengine\debug\gls_program.obj
c:\users\luis\documents\clases\papuengine\debug\human.obj
c:\users\luis\documents\clases\papuengine\debug\imageloader.obj
c:\users\luis\documents\clases\papuengine\debug\inputmanager.obj
c:\users\luis\documents\clases\papuengine\debug\iomanager.obj
c:\users\luis\documents\clases\papuengine\debug\level.obj
c:\users\luis\documents\clases\papuengine\debug\main.obj
c:\users\luis\documents\clases\papuengine\debug\maingame.obj
c:\users\luis\documents\clases\papuengine\debug\papuengine.obj
c:\users\luis\documents\clases\papuengine\debug\picopng.obj
c:\users\luis\documents\clases\papuengine\debug\player.obj
c:\users\luis\documents\clases\papuengine\debug\resourcemanager.obj
c:\users\luis\documents\clases\papuengine\debug\screenlist.obj
c:\users\luis\documents\clases\papuengine\debug\sprite.obj
c:\users\luis\documents\clases\papuengine\debug\spritebacth.obj
c:\users\luis\documents\clases\papuengine\debug\texturecache.obj
c:\users\luis\documents\clases\papuengine\debug\window.obj
c:\users\luis\documents\clases\papuengine\debug\zombie.obj
c:\users\luis\documents\clases\papuengine\debug\agent.obj
c:\users\luis\documents\clases\papuengine\debug\app.obj
c:\users\luis\documents\clases\papuengine\debug\camera2d.obj
c:\users\luis\documents\clases\papuengine\debug\error.obj
c:\users\luis\documents\clases\papuengine\debug\gui.obj
c:\users\luis\documents\clases\debug\papuengine.pdb
c:\users\luis\documents\clases\papuengine\debug\papuengine.tlog\cl.command.1.tlog
c:\users\luis\documents\clases\papuengine\debug\papuengine.tlog\cl.read.1.tlog
c:\users\luis\documents\clases\papuengine\debug\papuengine.tlog\cl.write.1.tlog
c:\users\luis\documents\clases\papuengine\debug\papuengine.tlog\link.25700-cvtres.read.1.tlog
c:\users\luis\documents\clases\papuengine\debug\papuengine.tlog\link.25700-cvtres.write.1.tlog
c:\users\luis\documents\clases\papuengine\debug\papuengine.tlog\link.25700-rc.read.1.tlog
c:\users\luis\documents\clases\papuengine\debug\papuengine.tlog\link.25700-rc.write.1.tlog
c:\users\luis\documents\clases\papuengine\debug\papuengine.tlog\link.25700.read.1.tlog
c:\users\luis\documents\clases\papuengine\debug\papuengine.tlog\link.25700.write.1.tlog
c:\users\luis\documents\clases\papuengine\debug\papuengine.tlog\link.command.1.tlog
c:\users\luis\documents\clases\papuengine\debug\papuengine.tlog\link.read.1.tlog
c:\users\luis\documents\clases\papuengine\debug\papuengine.tlog\link.write.1.tlog
